The following slacks have been normalized to be non-negative by relaxing the required times to the maximum arrival time.

Largest slack in design: -9.4e-10
Smallest slack in design: -6.992e-09
Total slack in design: -6.13782e-06
Total negative slack: 6.13782e-06


Range		-7.0e-09 to -5.8e-09	-5.8e-09 to -4.6e-09	-4.6e-09 to -3.4e-09	-3.4e-09 to -2.2e-09	-2.2e-09 to -9.4e-10	Not analysed
Slacks in range		110			466			403			318			361			2718

Net #	Driver_tnode	to_node	Slack

    0	21687		    0	-1.558e-09
			   46	-1.558e-09
			 1362	-2.008e-09
			 1408	-2.008e-09
			 2724	-3.258e-09
			 2770	-3.258e-09
			 4086	-2.808e-09
			 4132	-2.808e-09
			 5494	-1.608e-09
			20816	-2.093e-09
			20819	-1.785e-09
			20826	-1.655e-09
			21304	-2.025e-09
			21309	-1.735e-09
			21664	-2.173e-09
			21671	-1.407e-09
			21676	-1.317e-09
			21681	-1.427e-09
			22196	-1.843e-09
    1	21688		    1	-1.431e-09
			   47	-1.431e-09
			 1363	-1.981e-09
			 1409	-1.981e-09
			 2725	-3.031e-09
			 2771	-3.031e-09
			 4087	-2.431e-09
			 4133	-2.431e-09
			 5495	-1.481e-09
			20820	-2.108e-09
			20827	-1.978e-09
			21305	-1.758e-09
			21310	-1.528e-09
			21665	-2.346e-09
			21677	-1.35e-09
			21682	-1.24e-09
			22200	-1.818e-09
    2	21689		    2	-1.458e-09
			   48	-1.458e-09
			 1364	-2.008e-09
			 1410	-2.008e-09
			 2726	-2.808e-09
			 2772	-2.808e-09
			 4088	-2.258e-09
			 4134	-2.258e-09
			 5496	-1.568e-09
			20828	-1.555e-09
			21302	-2.215e-09
			21314	-1.555e-09
			21666	-2.403e-09
			21678	-1.187e-09
			21683	-1.297e-09
			21920	-2.051e-09
			22201	-2.195e-09
    3	21690		    3	-1.471e-09
			   49	-1.471e-09
			 1365	-1.871e-09
			 1411	-1.871e-09
			 2727	-3.071e-09
			 2773	-3.071e-09
			 4089	-2.521e-09
			 4135	-2.521e-09
			 5497	-1.321e-09
			21667	-2.146e-09
			21672	-2.586e-09
			21684	-1.16e-09
			21921	-1.894e-09
    4	21939		    4	-1.561e-09
			   50	-1.561e-09
			 1366	-1.961e-09
			 1412	-1.961e-09
			 2728	-2.811e-09
			 2774	-2.811e-09
			 4090	-2.561e-09
			 4136	-2.561e-09
			 5498	-1.411e-09
			20817	-2.176e-09
			21303	-2.028e-09
			21308	-1.278e-09
			21923	-1.35e-09
			21927	-1.35e-09
			21932	-1.24e-09
			22194	-1.526e-09
			22197	-2.018e-09
    5	21938		    5	-1.608e-09
			   51	-1.608e-09
			 1367	-1.858e-09
			 1413	-1.858e-09
			 2729	-3.498e-09
			 2775	-3.498e-09
			 4091	-2.848e-09
			 4137	-2.848e-09
			 5499	-1.408e-09
			20821	-1.835e-09
			21300	-2.055e-09
			21306	-1.295e-09
			21312	-1.885e-09
			21924	-1.317e-09
			21928	-1.317e-09
			21933	-1.427e-09
			22198	-2.045e-09
    6	21940		    6	-1.448e-09
			   52	-1.448e-09
			 1368	-2.098e-09
			 1414	-2.098e-09
			 2730	-2.898e-09
			 2776	-2.898e-09
			 4092	-2.448e-09
			 4138	-2.448e-09
			 5500	-1.448e-09
			20825	-1.855e-09
			21301	-2.315e-09
			21313	-1.765e-09
			21918	-2.211e-09
			21929	-1.237e-09
			21934	-1.297e-09
			22199	-1.945e-09
    7	21941		    7	-1.631e-09
			   53	-1.631e-09
			 1369	-1.871e-09
			 1415	-1.871e-09
			 2731	-3.181e-09
			 2777	-3.181e-09
			 4093	-2.631e-09
			 4139	-2.631e-09
			 5501	-1.361e-09
			21668	-2.196e-09
			21673	-2.776e-09
			21919	-1.954e-09
			21935	-1.04e-09
    8	 7073		    8	-4.298e-09
    9	 7074		    9	-4.358e-09
   10	 7075		   10	-4.288e-09
   11	 7780		   11	-4.578e-09
   12	 7009		   12	-4.558e-09
   13	 7010		   13	-4.508e-09
   14	 7011		   14	-4.628e-09
   15	 8612		   15	-4.268e-09
   16	 6945		   16	-4.388e-09
   17	 6946		   17	-4.458e-09
   18	 6947		   18	-4.388e-09
   19	 6881		   19	-4.388e-09
   20	 6882		   20	-4.238e-09
   21	 6883		   21	-4.308e-09
   22	 6817		   22	-4.558e-09
   23	 6818		   23	-4.408e-09
   24	 6819		   24	-4.198e-09
   25	 8675		   25	-4.668e-09
   26	19965		   26	-2.054e-09
			   72	-2.054e-09
			 1388	-2.804e-09
			 1434	-2.804e-09
			 2750	-3.604e-09
			 2796	-3.604e-09
			 4112	-3.054e-09
			 4158	-3.054e-09
			 5511	-2.314e-09
   27	23222		   27	--
			   28	--
			   29	--
			   30	--
			   31	--
			   32	--
			   33	--
			   34	--
			   35	--
			   36	--
			   37	--
			   38	--
			   39	--
			   40	--
			   41	--
			   42	--
			   43	--
			   44	--
			   45	--
			   73	--
			   74	--
			   75	--
			   76	--
			   77	--
			   78	--
			   79	--
			   80	--
			   81	--
			   82	--
			   83	--
			   84	--
			   85	--
			   86	--
			   87	--
			   88	--
			   89	--
			   90	--
			   91	--
			 1389	--
			 1390	--
			 1391	--
			 1392	--
			 1393	--
			 1394	--
			 1395	--
			 1396	--
			 1397	--
			 1398	--
			 1399	--
			 1400	--
			 1401	--
			 1402	--
			 1403	--
			 1404	--
			 1405	--
			 1406	--
			 1407	--
			 1435	--
			 1436	--
			 1437	--
			 1438	--
			 1439	--
			 1440	--
			 1441	--
			 1442	--
			 1443	--
			 1444	--
			 1445	--
			 1446	--
			 1447	--
			 1448	--
			 1449	--
			 1450	--
			 1451	--
			 1452	--
			 1453	--
			 2751	--
			 2752	--
			 2753	--
			 2754	--
			 2755	--
			 2756	--
			 2757	--
			 2758	--
			 2759	--
			 2760	--
			 2761	--
			 2762	--
			 2763	--
			 2764	--
			 2765	--
			 2766	--
			 2767	--
			 2768	--
			 2769	--
			 2797	--
			 2798	--
			 2799	--
			 2800	--
			 2801	--
			 2802	--
			 2803	--
			 2804	--
			 2805	--
			 2806	--
			 2807	--
			 2808	--
			 2809	--
			 2810	--
			 2811	--
			 2812	--
			 2813	--
			 2814	--
			 2815	--
			 4113	--
			 4114	--
			 4115	--
			 4116	--
			 4117	--
			 4118	--
			 4119	--
			 4120	--
			 4121	--
			 4122	--
			 4123	--
			 4124	--
			 4125	--
			 4126	--
			 4127	--
			 4128	--
			 4129	--
			 4130	--
			 4131	--
			 4159	--
			 4160	--
			 4161	--
			 4162	--
			 4163	--
			 4164	--
			 4165	--
			 4166	--
			 4167	--
			 4168	--
			 4169	--
			 4170	--
			 4171	--
			 4172	--
			 4173	--
			 4174	--
			 4175	--
			 4176	--
			 4177	--
			 5475	--
			 5476	--
			 5477	--
			 5478	--
			 5479	--
			 5480	--
			 5481	--
			 5482	--
			 5483	--
			 5484	--
			 5485	--
			 5486	--
			 5487	--
			 5488	--
			 5489	--
			 5490	--
			 5491	--
			 5492	--
			 5493	--
			 5512	--
			 5513	--
			 5514	--
			 5515	--
			 5516	--
			 5517	--
			 5518	--
			 5519	--
			 5520	--
			 5521	--
			 9039	--
			 9040	--
			 9041	--
			 9042	--
			 9043	--
			 9044	--
			 9045	--
			 9046	--
			 9047	--
			 9048	--
			 9049	--
			 9050	--
			 9051	--
			 9052	--
			 9053	--
			 9054	--
			 9055	--
			 9056	--
			 9057	--
			 9085	--
			 9086	--
			 9087	--
			 9088	--
			 9089	--
			 9090	--
			 9091	--
			 9092	--
			 9093	--
			 9094	--
			 9095	--
			 9096	--
			 9097	--
			 9098	--
			 9099	--
			 9100	--
			 9101	--
			 9102	--
			 9103	--
			10401	--
			10402	--
			10403	--
			10404	--
			10405	--
			10406	--
			10407	--
			10408	--
			10409	--
			10410	--
			10411	--
			10412	--
			10413	--
			10414	--
			10415	--
			10416	--
			10417	--
			10418	--
			10419	--
			10447	--
			10448	--
			10449	--
			10450	--
			10451	--
			10452	--
			10453	--
			10454	--
			10455	--
			10456	--
			10457	--
			10458	--
			10459	--
			10460	--
			10461	--
			10462	--
			10463	--
			10464	--
			10465	--
			11763	--
			11764	--
			11765	--
			11766	--
			11767	--
			11768	--
			11769	--
			11770	--
			11771	--
			11772	--
			11773	--
			11774	--
			11775	--
			11776	--
			11777	--
			11778	--
			11779	--
			11780	--
			11781	--
			11809	--
			11810	--
			11811	--
			11812	--
			11813	--
			11814	--
			11815	--
			11816	--
			11817	--
			11818	--
			11819	--
			11820	--
			11821	--
			11822	--
			11823	--
			11824	--
			11825	--
			11826	--
			11827	--
			13125	--
			13126	--
			13127	--
			13128	--
			13129	--
			13130	--
			13131	--
			13132	--
			13133	--
			13134	--
			13135	--
			13136	--
			13137	--
			13138	--
			13139	--
			13140	--
			13141	--
			13142	--
			13143	--
			13171	--
			13172	--
			13173	--
			13174	--
			13175	--
			13176	--
			13177	--
			13178	--
			13179	--
			13180	--
			13181	--
			13182	--
			13183	--
			13184	--
			13185	--
			13186	--
			13187	--
			13188	--
			13189	--
			14487	--
			14488	--
			14489	--
			14490	--
			14491	--
			14492	--
			14493	--
			14494	--
			14495	--
			14496	--
			14497	--
			14498	--
			14499	--
			14500	--
			14501	--
			14502	--
			14503	--
			14504	--
			14505	--
			14533	--
			14534	--
			14535	--
			14536	--
			14537	--
			14538	--
			14539	--
			14540	--
			14541	--
			14542	--
			14543	--
			14544	--
			14545	--
			14546	--
			14547	--
			14548	--
			14549	--
			14550	--
			14551	--
			15849	--
			15850	--
			15851	--
			15852	--
			15853	--
			15854	--
			15855	--
			15856	--
			15857	--
			15858	--
			15859	--
			15860	--
			15861	--
			15862	--
			15863	--
			15864	--
			15865	--
			15866	--
			15867	--
			15895	--
			15896	--
			15897	--
			15898	--
			15899	--
			15900	--
			15901	--
			15902	--
			15903	--
			15904	--
			15905	--
			15906	--
			15907	--
			15908	--
			15909	--
			15910	--
			15911	--
			15912	--
			15913	--
			17211	--
			17212	--
			17213	--
			17214	--
			17215	--
			17216	--
			17217	--
			17218	--
			17219	--
			17220	--
			17221	--
			17222	--
			17223	--
			17224	--
			17225	--
			17226	--
			17227	--
			17228	--
			17229	--
			17248	--
			17249	--
			17250	--
			17251	--
			17252	--
			17253	--
			17254	--
			17255	--
			17256	--
			17257	--
			18249	--
			18250	--
			18251	--
			18252	--
			18253	--
			18254	--
			18255	--
			18256	--
			18257	--
			18258	--
			18259	--
			18260	--
			18261	--
			18262	--
			18263	--
			18264	--
			18265	--
			18266	--
			18267	--
			18295	--
			18296	--
			18297	--
			18298	--
			18299	--
			18300	--
			18301	--
			18302	--
			18303	--
			18304	--
			18305	--
			18306	--
			18307	--
			18308	--
			18309	--
			18310	--
			18311	--
			18312	--
			18313	--
			19602	--
			19603	--
			19604	--
			19605	--
			19606	--
			19607	--
			19608	--
			19609	--
			19610	--
			19611	--
   28	 6753		   54	-4.238e-09
   29	 6754		   55	-4.138e-09
   30	 6755		   56	-3.998e-09
   31	 6689		   57	-4.356e-09
   32	 6690		   58	-4.348e-09
   33	 6691		   59	-4.508e-09
   34	 6625		   60	-4.058e-09
   35	 6626		   61	-4.018e-09
   36	 6627		   62	-3.958e-09
   37	 6506		   63	-4.138e-09
   38	 6507		   64	-4.435e-09
   39	 6508		   65	-4.318e-09
   40	 6509		   66	-4.365e-09
   41	 6513		   67	-4.305e-09
   42	 6510		   68	-4.468e-09
   43	 6511		   69	-4.595e-09
   44	 7652		   70	-4.806e-09
   45	 7457		   71	-4.818e-09
   46	   92		20340	-5.132e-09
   47	   93		20343	-5.172e-09
   48	   94		20346	-5.332e-09
   49	   95		20349	-5.242e-09
   50	   96		20352	-5.482e-09
   51	   97		20355	-4.982e-09
   52	   98		20358	-5.062e-09
   53	   99		20361	-5.482e-09
   54	  100		20364	-4.932e-09
   55	  101		20367	-4.922e-09
   56	  102		20370	-5.082e-09
   57	  103		20373	-5.842e-09
   58	  104		20376	-5.682e-09
   59	  105		20379	-5.632e-09
   60	  106		20382	-5.152e-09
   61	  107		20385	-4.732e-09
   62	  108		20388	-5.632e-09
   63	  109		20391	-4.982e-09
   64	  110		20394	-5.532e-09
   65	  111		20397	-5.552e-09
   66	  112		20400	-5.242e-09
   67	  113		20403	-5.582e-09
   68	  114		20406	-5.082e-09
   69	  115		20409	-5.372e-09
   70	  116		20412	-5.232e-09
   71	  117		20415	-4.992e-09
   72	  118		20418	-6.532e-09
   73	  119		20421	-5.332e-09
   74	  120		20424	-4.882e-09
   75	  121		20427	-5.642e-09
   76	  122		20430	-6.722e-09
   77	  123		20433	-5.172e-09
   78	  124		20436	-5.482e-09
   79	  125		20439	-5.192e-09
   80	  126		20442	-6.592e-09
   81	  127		20271	-5.342e-09
   82	23218		  128	--
			  129	--
			 1490	--
			 1491	--
			 2852	--
			 2853	--
			 4214	--
			 4215	--
			 5549	--
			 5550	--
			 6514	--
			 8939	--
			 9140	--
			 9141	--
			10502	--
			10503	--
			11864	--
			11865	--
			13226	--
			13227	--
			14588	--
			14589	--
			15950	--
			15951	--
			17285	--
			17286	--
			18350	--
			18351	--
			19621	--
			19967	--
			20547	--
			20646	--
			20737	--
			20840	--
			20945	--
			21058	--
			21202	--
			21326	--
			21438	--
			21576	--
			21691	--
			21826	--
			21942	--
			22068	--
			22157	--
   83	 7649		 1370	-4.248e-09
   84	 7650		 1371	-4.348e-09
   85	 7524		 1372	-4.248e-09
   86	 7651		 1373	-4.268e-09
   87	 8484		 1374	-5.948e-09
   88	 7585		 1375	-5.258e-09
   89	 7586		 1376	-5.228e-09
   90	 7587		 1377	-5.308e-09
   91	 7521		 1378	-4.448e-09
   92	 7522		 1379	-4.208e-09
   93	 7460		 1380	-4.418e-09
   94	 6948		 1381	-5.268e-09
   95	 7523		 1382	-4.138e-09
   96	 7458		 1383	-4.318e-09
   97	 6884		 1384	-5.238e-09
   98	 7459		 1385	-4.348e-09
   99	 7393		 1386	-4.558e-09
  100	 7394		 1387	-4.708e-09
  101	 7395		 1416	-4.608e-09
  102	 8611		 1417	-3.998e-09
  103	 7329		 1418	-4.148e-09
  104	 7330		 1419	-3.958e-09
  105	 7331		 1420	-4.106e-09
  106	 7908		 1421	-6.278e-09
  107	 7265		 1422	-4.696e-09
  108	 7266		 1423	-4.766e-09
  109	 7267		 1424	-4.668e-09
  110	 7201		 1425	-4.748e-09
  111	 7202		 1426	-4.748e-09
  112	 7203		 1427	-4.748e-09
  113	 8610		 1428	-4.608e-09
  114	 7137		 1429	-4.128e-09
  115	 7138		 1430	-4.068e-09
  116	 7139		 1431	-4.278e-09
  117	 8609		 1432	-4.538e-09
  118	 8226		 1433	-5.738e-09
  119	 1454		20232	-5.992e-09
  120	 1455		20235	-5.472e-09
  121	 1456		20238	-5.642e-09
  122	 1457		20241	-6.042e-09
  123	 1458		20244	-6.082e-09
  124	 1459		20247	-5.932e-09
  125	 1460		20250	-5.992e-09
  126	 1461		20253	-5.502e-09
  127	 1462		20256	-5.702e-09
  128	 1463		20259	-6.132e-09
  129	 1464		20262	-5.682e-09
  130	 1465		20265	-5.442e-09
  131	 1466		20268	-5.322e-09
  132	 1467		20274	-5.932e-09
  133	 1468		20277	-5.882e-09
  134	 1469		20280	-6.282e-09
  135	 1470		20283	-5.952e-09
  136	 1471		20286	-5.832e-09
  137	 1472		20289	-6.032e-09
  138	 1473		20292	-6.232e-09
  139	 1474		20295	-5.322e-09
  140	 1475		20298	-5.882e-09
  141	 1476		20301	-6.242e-09
  142	 1477		20304	-6.392e-09
  143	 1478		20307	-5.702e-09
  144	 1479		20310	-6.142e-09
  145	 1480		20313	-6.352e-09
  146	 1481		20316	-5.482e-09
  147	 1482		20319	-5.572e-09
  148	 1483		20322	-6.392e-09
  149	 1484		20325	-5.922e-09
  150	 1485		20328	-5.972e-09
  151	 1486		20331	-5.992e-09
  152	 1487		20334	-5.792e-09
  153	 1488		20337	-6.132e-09
  154	 1489		20118	-5.832e-09
  155	 8227		 2732	-5.258e-09
  156	 8161		 2733	-5.248e-09
  157	 8162		 2734	-5.428e-09
  158	 8164		 2735	-5.448e-09
  159	 8100		 2736	-5.308e-09
  160	 8163		 2737	-5.548e-09
  161	 8097		 2738	-5.328e-09
  162	 8098		 2739	-5.158e-09
  163	 8099		 2740	-5.588e-09
  164	 8033		 2741	-5.298e-09
  165	 8034		 2742	-5.248e-09
  166	 8036		 2743	-5.666e-09
  167	 7268		 2744	-6.368e-09
  168	 8035		 2745	-5.248e-09
  169	 7844		 2746	-5.178e-09
  170	 7972		 2747	-5.538e-09
  171	 7969		 2748	-5.328e-09
  172	 7970		 2749	-5.358e-09
  173	 7971		 2778	-5.418e-09
  174	 7905		 2779	-5.188e-09
  175	 7906		 2780	-5.128e-09
  176	 7907		 2781	-5.048e-09
  177	 8547		 2782	-5.266e-09
  178	 7841		 2783	-5.048e-09
  179	 7842		 2784	-5.128e-09
  180	 7843		 2785	-5.286e-09
  181	 7777		 2786	-5.076e-09
  182	 7778		 2787	-4.856e-09
  183	 7779		 2788	-5.298e-09
  184	 8546		 2789	-5.346e-09
  185	 7713		 2790	-4.778e-09
  186	 7714		 2791	-4.848e-09
  187	 7715		 2792	-4.928e-09
  188	 8545		 2793	-4.998e-09
  189	 7588		 2794	-5.608e-09
  190	 7716		 2795	-5.198e-09
  191	 2816		20124	-5.532e-09
  192	 2817		20127	-5.842e-09
  193	 2818		20130	-4.932e-09
  194	 2819		20133	-6.592e-09
  195	 2820		20136	-5.882e-09
  196	 2821		20139	-6.482e-09
  197	 2822		20142	-5.902e-09
  198	 2823		20145	-5.842e-09
  199	 2824		20148	-5.732e-09
  200	 2825		20151	-5.122e-09
  201	 2826		20154	-5.242e-09
  202	 2827		20157	-5.842e-09
  203	 2828		20160	-6.122e-09
  204	 2829		20163	-5.032e-09
  205	 2830		20166	-5.632e-09
  206	 2831		20169	-5.682e-09
  207	 2832		20172	-5.432e-09
  208	 2833		20175	-5.882e-09
  209	 2834		20178	-5.642e-09
  210	 2835		20181	-6.742e-09
  211	 2836		20184	-6.072e-09
  212	 2837		20187	-6.182e-09
  213	 2838		20190	-5.082e-09
  214	 2839		20193	-5.632e-09
  215	 2840		20196	-5.682e-09
  216	 2841		20199	-6.042e-09
  217	 2842		20202	-5.792e-09
  218	 2843		20205	-6.392e-09
  219	 2844		20208	-5.232e-09
  220	 2845		20211	-5.442e-09
  221	 2846		20214	-6.482e-09
  222	 2847		20217	-5.842e-09
  223	 2848		20220	-6.192e-09
  224	 2849		20223	-6.442e-09
  225	 2850		20226	-5.342e-09
  226	 2851		20478	-5.542e-09
  227	 8867		 4094	-5.748e-09
  228	 8740		 4095	-5.718e-09
  229	 8676		 4096	-5.018e-09
  230	 8801		 4097	-4.968e-09
  231	 7396		 4098	-6.358e-09
  232	 6820		 4099	-5.608e-09
  233	 8802		 4100	-4.598e-09
  234	 8804		 4101	-4.908e-09
  235	 7204		 4102	-6.208e-09
  236	 8803		 4103	-5.318e-09
  237	 8420		 4104	-5.098e-09
  238	 8737		 4105	-5.258e-09
  239	 8738		 4106	-5.038e-09
  240	 8739		 4107	-5.038e-09
  241	 8673		 4108	-5.048e-09
  242	 8674		 4109	-4.998e-09
  243	 6756		 4110	-5.366e-09
  244	 8228		 4111	-5.348e-09
  245	 8483		 4140	-5.076e-09
  246	 8482		 4141	-5.068e-09
  247	 8356		 4142	-4.878e-09
  248	 8417		 4143	-5.016e-09
  249	 8418		 4144	-4.488e-09
  250	 8419		 4145	-4.916e-09
  251	 8292		 4146	-4.578e-09
  252	 6692		 4147	-5.108e-09
  253	 8481		 4148	-5.108e-09
  254	 8353		 4149	-4.658e-09
  255	 6628		 4150	-5.006e-09
  256	 8354		 4151	-4.998e-09
  257	 8355		 4152	-4.706e-09
  258	 8289		 4153	-4.878e-09
  259	 8290		 4154	-5.038e-09
  260	 8291		 4155	-4.838e-09
  261	 8225		 4156	-4.848e-09
  262	 8937		 4157	-5.608e-09
  263	 4178		20493	-5.242e-09
  264	 4179		20490	-5.922e-09
  265	 4180		20487	-4.992e-09
  266	 4181		20484	-4.992e-09
  267	 4182		20481	-5.872e-09
  268	 4183		20475	-5.982e-09
  269	 4184		20472	-5.992e-09
  270	 4185		20469	-4.882e-09
  271	 4186		20466	-6.282e-09
  272	 4187		20463	-5.192e-09
  273	 4188		20460	-6.442e-09
  274	 4189		20457	-5.642e-09
  275	 4190		20454	-5.322e-09
  276	 4191		20451	-5.832e-09
  277	 4192		20448	-5.102e-09
  278	 4193		20445	-5.682e-09
  279	 4194		20229	-6.342e-09
  280	 4195		20121	-6.992e-09
  281	 4196		20067	-5.242e-09
  282	 4197		20070	-6.192e-09
  283	 4198		20073	-5.322e-09
  284	 4199		20076	-5.442e-09
  285	 4200		20079	-6.192e-09
  286	 4201		20082	-4.972e-09
  287	 4202		20085	-6.242e-09
  288	 4203		20088	-5.242e-09
  289	 4204		20091	-5.042e-09
  290	 4205		20094	-5.192e-09
  291	 4206		20097	-4.922e-09
  292	 4207		20100	-5.982e-09
  293	 4208		20103	-6.682e-09
  294	 4209		20106	-5.792e-09
  295	 4210		20109	-5.192e-09
  296	 4211		20112	-5.642e-09
  297	 4212		20115	-5.792e-09
  298	 4213		20514	-5.502e-09
  299	21053		 5448	-1.448e-09
			14460	-1.958e-09
			14506	-1.958e-09
			15822	-1.698e-09
			15868	-1.698e-09
			17184	-1.608e-09
			18222	-1.408e-09
			18268	-1.408e-09
			19584	-2.098e-09
			20714	-1.903e-09
			20930	-1.555e-09
			21030	-1.537e-09
			21035	-1.297e-09
			21040	-2.393e-09
			21046	-1.855e-09
			21812	-2.065e-09
			22149	-1.407e-09
  300	21054		 5449	-1.431e-09
			14461	-1.771e-09
			14507	-1.771e-09
			15823	-1.681e-09
			15869	-1.681e-09
			17185	-1.521e-09
			18223	-1.321e-09
			18269	-1.321e-09
			19585	-2.081e-09
			20716	-1.528e-09
			20723	-1.758e-09
			20926	-1.926e-09
			21036	-1.04e-09
			21041	-2.136e-09
			21047	-2.138e-09
			21813	-1.908e-09
			22150	-1.35e-09
  301	21055		 5450	-1.408e-09
			14462	-1.918e-09
			14508	-1.918e-09
			15824	-1.808e-09
			15870	-1.808e-09
			17186	-1.698e-09
			18224	-1.668e-09
			18270	-1.668e-09
			19586	-2.158e-09
			20927	-1.783e-09
			21037	-1.317e-09
			21042	-2.413e-09
			21048	-1.815e-09
			21815	-2.463e-09
			22151	-1.427e-09
  302	22155		 5451	-1.671e-09
			14463	-1.611e-09
			14509	-1.611e-09
			15825	-1.921e-09
			15871	-1.921e-09
			17187	-1.761e-09
			18225	-1.411e-09
			18271	-1.411e-09
			19587	-1.921e-09
			20922	-1.936e-09
			22147	-9.4e-10
			22153	-2.126e-09
  303	21052		 5452	-1.471e-09
			14464	-1.971e-09
			14510	-1.971e-09
			15826	-2.011e-09
			15872	-2.011e-09
			17188	-1.371e-09
			18226	-1.531e-09
			18272	-1.531e-09
			19588	-2.081e-09
			20713	-2.046e-09
			20919	-2.296e-09
			20924	-1.876e-09
			20929	-1.768e-09
			21031	-1.35e-09
			21043	-2.336e-09
			21806	-1.5e-09
			21818	-1.5e-09
  304	21824		 5453	-1.511e-09
			14465	-2.071e-09
			14511	-2.071e-09
			15827	-1.711e-09
			15873	-1.711e-09
			17189	-1.321e-09
			18227	-1.371e-09
			18273	-1.371e-09
			19589	-2.231e-09
			20715	-1.388e-09
			20721	-1.618e-09
			20729	-1.5e-09
			20920	-2.376e-09
			20925	-2.326e-09
			20931	-2.128e-09
			21049	-2.168e-09
			21807	-1.04e-09
			21810	-1.988e-09
			21819	-1.04e-09
  305	21825		 5454	-1.808e-09
			14466	-2.048e-09
			14512	-2.048e-09
			15828	-1.758e-09
			15874	-1.758e-09
			17190	-1.498e-09
			18228	-1.498e-09
			18274	-1.498e-09
			19590	-2.358e-09
			20720	-1.775e-09
			20921	-2.163e-09
			20928	-2.443e-09
			21045	-2.493e-09
			21808	-1.317e-09
			21814	-2.383e-09
			21820	-1.317e-09
  306	21821		 5455	-1.471e-09
			14467	-2.161e-09
			14513	-2.161e-09
			15829	-1.721e-09
			15875	-1.721e-09
			17191	-1.321e-09
			18229	-1.541e-09
			18275	-1.541e-09
			19591	-2.121e-09
			20923	-2.226e-09
			21809	-9.4e-10
			22154	-2.386e-09
  307	22875		 5456	-6.323e-09
  308	22944		 5457	-4.173e-09
  309	23004		 5458	-3.413e-09
  310	23049		 5459	-4.053e-09
  311	23094		 5460	-5.923e-09
  312	23142		 5461	-3.683e-09
  313	23187		 5462	-5.373e-09
  314	22320		 5463	-4.723e-09
  315	22365		 5464	-5.373e-09
  316	22413		 5465	-3.413e-09
  317	22461		 5466	-4.773e-09
  318	22512		 5467	-4.103e-09
  319	22557		 5468	-3.813e-09
  320	22605		 5469	-6.323e-09
  321	22650		 5470	-3.413e-09
  322	22701		 5471	-4.163e-09
  323	22746		 5472	-4.613e-09
  324	22656		 5473	-4.803e-09
  325	23199		 5474	-3.671e-09
			14486	-3.931e-09
			14532	-3.931e-09
			15848	-3.781e-09
			15894	-3.781e-09
			17210	-3.531e-09
			18248	-4.181e-09
			18294	-4.181e-09
			19601	-3.511e-09
			19944	-3.905e-09
			20719	-4.003e-09
			20936	-3.825e-09
			21034	-3.875e-09
			21805	-3.645e-09
			21817	-3.825e-09
  326	 7332		 5502	-4.558e-09
  327	 8868		 5503	-4.836e-09
  328	 7012		 5504	-4.648e-09
  329	 8865		 5505	-4.958e-09
  330	 7076		 5506	-4.746e-09
  331	 8866		 5507	-4.958e-09
  332	 8548		 5508	-6.158e-09
  333	 7140		 5509	-5.718e-09
  334	 8938		 5510	-4.838e-09
  335	 5522		 6617	-4.018e-09
  336	 5523		 6620	-3.958e-09
  337	 5524		 6489	-4.138e-09
  338	 5525		 6487	-4.435e-09
  339	 5526		 6494	-4.058e-09
  340	 5527		 6492	-4.095e-09
  341	 5528		 6501	-4.135e-09
  342	 5529		 6499	-4.468e-09
  343	 5530		 6497	-4.155e-09
  344	 5531		 7646	-4.606e-09
  345	 5532		 8665	-4.998e-09
  346	 5533		 8662	-5.048e-09
  347	 5534		 8732	-5.038e-09
  348	 5535		 8729	-5.038e-09
  349	 5536		 8726	-5.258e-09
  350	 5537		 8414	-5.098e-09
  351	 5538		 8796	-5.318e-09
  352	 5539		 7006	-4.558e-09
  353	 5540		20064	-5.992e-09
  354	 5541		20517	-5.922e-09
  355	 5542		20511	-6.192e-09
  356	 5543		20508	-6.122e-09
  357	 5544		20505	-6.192e-09
  358	 5545		20502	-5.882e-09
  359	 5546		20499	-5.442e-09
  360	 5547		20496	-5.792e-09
  361	 5548		20520	-5.842e-09
  362	 6512		 6486	-2.203e-09
			 6491	-2.373e-09
			 6496	-2.476e-09
			 6503	-2.303e-09
			 6613	-1.836e-09
			 6616	-1.676e-09
			 6619	-2.026e-09
			 6624	-2.944e-09
			 6677	-2.264e-09
			 6680	-2.496e-09
			 6683	-2.136e-09
			 6688	-3.156e-09
			 6741	-1.896e-09
			 6744	-2.116e-09
			 6747	-2.026e-09
			 6752	-2.974e-09
			 6805	-2.006e-09
			 6808	-2.396e-09
			 6811	-1.836e-09
			 6816	-3.166e-09
			 6869	-2.716e-09
			 6872	-2.566e-09
			 6875	-2.666e-09
			 6880	-2.916e-09
			 6933	-2.916e-09
			 6936	-3.026e-09
			 6939	-3.026e-09
			 6944	-2.826e-09
			 6997	-2.076e-09
			 7000	-2.126e-09
			 7003	-2.196e-09
			 7008	-2.426e-09
			 7061	-2.266e-09
			 7064	-2.086e-09
			 7067	-2.446e-09
			 7072	-2.474e-09
			 7125	-2.856e-09
			 7128	-2.996e-09
			 7131	-2.996e-09
			 7136	-3.166e-09
			 7189	-2.766e-09
			 7192	-2.776e-09
			 7195	-2.956e-09
			 7200	-3.466e-09
			 7253	-2.774e-09
			 7256	-2.964e-09
			 7259	-2.556e-09
			 7264	-3.976e-09
			 7317	-2.846e-09
			 7320	-2.666e-09
			 7323	-3.064e-09
			 7328	-3.056e-09
			 7381	-2.876e-09
			 7384	-2.766e-09
			 7387	-2.556e-09
			 7392	-3.726e-09
			 7445	-3.156e-09
			 7448	-2.786e-09
			 7451	-2.826e-09
			 7456	-2.706e-09
			 7509	-2.776e-09
			 7512	-2.476e-09
			 7515	-2.616e-09
			 7520	-2.586e-09
			 7573	-3.636e-09
			 7576	-3.746e-09
			 7579	-3.786e-09
			 7584	-4.176e-09
			 7637	-2.626e-09
			 7640	-2.516e-09
			 7643	-2.586e-09
			 7648	-3.234e-09
			 7701	-3.516e-09
			 7704	-3.626e-09
			 7707	-3.716e-09
			 7712	-3.676e-09
			 7765	-3.574e-09
			 7768	-3.584e-09
			 7771	-3.676e-09
			 7776	-2.656e-09
			 7829	-3.606e-09
			 7832	-3.876e-09
			 7835	-3.984e-09
			 7840	-3.646e-09
			 7893	-3.496e-09
			 7896	-3.736e-09
			 7899	-3.296e-09
			 7904	-3.766e-09
			 7957	-3.806e-09
			 7960	-3.876e-09
			 7963	-3.986e-09
			 7968	-3.966e-09
			 8021	-3.726e-09
			 8024	-3.896e-09
			 8027	-3.446e-09
			 8032	-3.974e-09
			 8085	-3.886e-09
			 8088	-3.986e-09
			 8091	-4.036e-09
			 8096	-3.826e-09
			 8149	-3.766e-09
			 8152	-3.836e-09
			 8155	-4.066e-09
			 8160	-3.656e-09
			 8213	-3.276e-09
			 8216	-4.326e-09
			 8219	-3.626e-09
			 8224	-3.436e-09
			 8277	-3.366e-09
			 8280	-3.396e-09
			 8283	-3.046e-09
			 8288	-3.006e-09
			 8341	-2.846e-09
			 8344	-3.126e-09
			 8347	-3.234e-09
			 8352	-3.426e-09
			 8405	-3.364e-09
			 8408	-3.016e-09
			 8411	-3.314e-09
			 8416	-3.416e-09
			 8469	-3.336e-09
			 8472	-3.276e-09
			 8475	-3.394e-09
			 8480	-3.726e-09
			 8533	-3.566e-09
			 8536	-4.024e-09
			 8539	-3.644e-09
			 8544	-3.566e-09
			 8597	-2.776e-09
			 8600	-2.926e-09
			 8603	-2.946e-09
			 8608	-2.866e-09
			 8661	-3.336e-09
			 8664	-3.276e-09
			 8667	-3.036e-09
			 8672	-3.536e-09
			 8725	-3.226e-09
			 8728	-3.286e-09
			 8731	-3.286e-09
			 8736	-3.156e-09
			 8789	-3.106e-09
			 8792	-2.996e-09
			 8795	-3.286e-09
			 8800	-3.166e-09
			 8853	-2.556e-09
			 8856	-2.446e-09
			 8859	-2.916e-09
			 8864	-2.514e-09
			 8923	-2.496e-09
			 8929	-3.086e-09
			 8934	-2.506e-09
			21191	-2.276e-09
  363	 9132		 6488	-4.345e-09
  364	 9131		 6490	-4.088e-09
  365	 9134		 6493	-4.365e-09
  366	 9133		 6495	-4.318e-09
  367	 9137		 6498	-4.595e-09
  368	 9136		 6500	-4.308e-09
  369	 9135		 6502	-4.305e-09
  370	23205		 6504	-3.355e-09
			 8920	-3.305e-09
			19941	-3.315e-09
			19947	-3.475e-09
			19959	-3.315e-09
			20533	-3.553e-09
			20636	-3.455e-09
			20727	-3.305e-09
			20830	-3.195e-09
			20935	-3.345e-09
			21032	-3.305e-09
			21038	-3.605e-09
			21175	-3.305e-09
			21186	-3.465e-09
			21316	-3.305e-09
			21412	-3.455e-09
			21420	-3.465e-09
			21426	-3.465e-09
			21557	-3.365e-09
			21563	-3.365e-09
			21669	-3.265e-09
			21674	-3.365e-09
			21679	-3.195e-09
			21804	-3.535e-09
			21816	-3.535e-09
			21922	-3.315e-09
			21926	-3.315e-09
			21931	-3.155e-09
			22052	-3.485e-09
			22148	-3.355e-09
  371	21198		 6505	-2.278e-09
			19948	-2.128e-09
			19961	-1.878e-09
			20531	-2.206e-09
			20535	-2.296e-09
			20833	-1.868e-09
			21188	-1.718e-09
			21318	-2.048e-09
			21559	-1.878e-09
			21565	-1.878e-09
			21925	-1.828e-09
			21930	-1.828e-09
			21936	-1.688e-09
  372	18322		 6614	-3.228e-09
  373	 9128		 6615	-4.058e-09
  374	 9129		 6618	-3.888e-09
  375	 9130		 6621	-3.838e-09
  376	18341		 6622	-4.666e-09
  377	11863		 6623	-5.006e-09
  378	17273		 6678	-4.106e-09
  379	 9125		 6679	-4.356e-09
  380	17274		 6681	-4.178e-09
  381	 9126		 6682	-4.348e-09
  382	18323		 6684	-3.998e-09
  383	 9127		 6685	-4.508e-09
  384	18338		 6686	-5.108e-09
  385	13215		 6687	-5.108e-09
  386	17270		 6742	-4.078e-09
  387	 9122		 6743	-4.238e-09
  388	17271		 6745	-3.958e-09
  389	 9123		 6746	-4.138e-09
  390	17272		 6748	-3.958e-09
  391	 9124		 6749	-3.998e-09
  392	15931		 6750	-5.366e-09
  393	10466		 6751	-5.316e-09
  394	14585		 6806	-4.558e-09
  395	 9118		 6807	-3.838e-09
  396	14586		 6809	-4.408e-09
  397	 9119		 6810	-3.978e-09
  398	17268		 6812	-4.198e-09
  399	 9120		 6813	-3.968e-09
  400	18318		 6814	-4.718e-09
  401	13197		 6815	-5.608e-09
  402	14582		 6870	-4.388e-09
  403	 9115		 6871	-3.958e-09
  404	14583		 6873	-4.238e-09
  405	 9116		 6874	-3.808e-09
  406	14584		 6876	-4.308e-09
  407	 9117		 6877	-3.838e-09
  408	15947		 6878	-5.238e-09
  409	10482		 6879	-4.598e-09
  410	14579		 6934	-4.388e-09
  411	 9112		 6935	-4.288e-09
  412	14580		 6937	-4.458e-09
  413	 9113		 6938	-4.278e-09
  414	14581		 6940	-4.388e-09
  415	 9114		 6941	-4.288e-09
  416	15943		 6942	-5.268e-09
  417	10478		 6943	-4.478e-09
  418	14575		 6998	-4.558e-09
  419	 9108		 6999	-3.888e-09
  420	14576		 7001	-4.508e-09
  421	 9109		 7002	-3.938e-09
  422	14577		 7004	-4.628e-09
  423	 9110		 7005	-3.958e-09
  424	17284		 7007	-4.648e-09
  425	14571		 7062	-4.298e-09
  426	 9104		 7063	-3.898e-09
  427	14572		 7065	-4.358e-09
  428	 9105		 7066	-3.988e-09
  429	14573		 7068	-4.288e-09
  430	 9106		 7069	-3.938e-09
  431	17275		 7070	-4.746e-09
  432	17281		 7071	-4.516e-09
  433	14567		 7126	-4.128e-09
  434	10497		 7127	-3.828e-09
  435	14568		 7129	-4.068e-09
  436	10498		 7130	-3.598e-09
  437	14569		 7132	-4.278e-09
  438	10499		 7133	-3.668e-09
  439	19618		 7134	-4.908e-09
  440	13190		 7135	-5.718e-09
  441	14563		 7190	-4.548e-09
  442	10493		 7191	-4.748e-09
  443	14564		 7193	-4.648e-09
  444	10494		 7194	-4.748e-09
  445	14565		 7196	-4.548e-09
  446	10495		 7197	-4.748e-09
  447	18321		 7198	-5.098e-09
  448	13200		 7199	-6.208e-09
  449	14560		 7254	-4.516e-09
  450	10490		 7255	-4.696e-09
  451	14561		 7257	-4.446e-09
  452	10491		 7258	-4.766e-09
  453	14562		 7260	-4.568e-09
  454	10492		 7261	-4.668e-09
  455	17262		 7262	-6.288e-09
  456	11840		 7263	-6.368e-09
  457	14556		 7318	-4.148e-09
  458	10501		 7319	-3.678e-09
  459	14557		 7321	-3.958e-09
  460	10487		 7322	-3.768e-09
  461	14558		 7324	-4.106e-09
  462	10488		 7325	-3.776e-09
  463	14587		 7326	-4.448e-09
  464	17276		 7327	-4.558e-09
  465	14552		 7382	-4.418e-09
  466	10484		 7383	-4.558e-09
  467	14553		 7385	-4.308e-09
  468	10485		 7386	-4.708e-09
  469	14554		 7388	-4.168e-09
  470	10486		 7389	-4.608e-09
  471	18316		 7390	-5.478e-09
  472	13195		 7391	-6.358e-09
  473	15945		 7446	-4.818e-09
  474	10480		 7447	-4.238e-09
  475	15946		 7449	-4.318e-09
  476	10481		 7450	-3.798e-09
  477	15948		 7452	-4.348e-09
  478	10483		 7453	-3.798e-09
  479	15942		 7454	-4.418e-09
  480	10477		 7455	-3.788e-09
  481	15940		 7510	-4.448e-09
  482	10475		 7511	-3.668e-09
  483	15941		 7513	-4.208e-09
  484	10476		 7514	-3.668e-09
  485	15944		 7516	-4.138e-09
  486	10479		 7517	-3.598e-09
  487	15934		 7518	-4.248e-09
  488	10469		 7519	-3.728e-09
  489	15937		 7574	-4.688e-09
  490	10472		 7575	-5.258e-09
  491	15938		 7577	-4.548e-09
  492	10473		 7578	-5.228e-09
  493	15939		 7580	-4.728e-09
  494	10474		 7581	-5.308e-09
  495	15930		 7582	-5.118e-09
  496	11862		 7583	-5.608e-09
  497	15932		 7638	-4.248e-09
  498	10467		 7639	-3.768e-09
  499	15933		 7641	-4.348e-09
  500	10468		 7642	-3.428e-09
  501	15935		 7644	-4.268e-09
  502	10470		 7645	-3.498e-09
  503	 9138		 7647	-4.806e-09
  504	15926		 7702	-4.778e-09
  505	11858		 7703	-4.458e-09
  506	15927		 7705	-4.848e-09
  507	11859		 7706	-4.388e-09
  508	15928		 7708	-4.928e-09
  509	11860		 7709	-4.588e-09
  510	18317		 7710	-5.198e-09
  511	13196		 7711	-4.448e-09
  512	15922		 7766	-5.076e-09
  513	11854		 7767	-4.836e-09
  514	15923		 7769	-4.856e-09
  515	11855		 7770	-4.816e-09
  516	15924		 7772	-5.298e-09
  517	11856		 7773	-4.988e-09
  518	14574		 7774	-4.578e-09
  519	 9107		 7775	-4.448e-09
  520	15919		 7830	-5.048e-09
  521	11851		 7831	-4.558e-09
  522	15920		 7833	-5.128e-09
  523	11852		 7834	-4.758e-09
  524	15921		 7836	-5.286e-09
  525	11853		 7837	-4.866e-09
  526	17264		 7838	-5.178e-09
  527	11842		 7839	-4.748e-09
  528	15915		 7894	-5.188e-09
  529	11847		 7895	-4.838e-09
  530	15916		 7897	-5.128e-09
  531	11848		 7898	-4.988e-09
  532	15917		 7900	-5.048e-09
  533	11849		 7901	-4.838e-09
  534	14559		 7902	-5.838e-09
  535	10489		 7903	-6.278e-09
  536	17266		 7958	-5.328e-09
  537	11844		 7959	-4.998e-09
  538	17267		 7961	-5.358e-09
  539	11845		 7962	-4.778e-09
  540	15914		 7964	-5.418e-09
  541	11846		 7965	-4.838e-09
  542	17265		 7966	-5.538e-09
  543	11843		 7967	-4.998e-09
  544	17259		 8022	-5.298e-09
  545	11837		 8023	-4.918e-09
  546	17260		 8025	-5.248e-09
  547	11838		 8026	-4.808e-09
  548	17263		 8028	-5.248e-09
  549	11841		 8029	-4.818e-09
  550	17261		 8030	-5.666e-09
  551	11839		 8031	-5.216e-09
  552	18325		 8086	-5.328e-09
  553	11834		 8087	-4.708e-09
  554	18324		 8089	-5.158e-09
  555	11835		 8090	-4.708e-09
  556	17258		 8092	-5.588e-09
  557	11836		 8093	-4.738e-09
  558	18327		 8094	-5.308e-09
  559	11832		 8095	-4.578e-09
  560	18330		 8150	-5.248e-09
  561	11829		 8151	-4.768e-09
  562	18329		 8153	-5.428e-09
  563	11830		 8154	-4.798e-09
  564	18326		 8156	-5.548e-09
  565	11833		 8157	-4.918e-09
  566	18328		 8158	-5.448e-09
  567	11831		 8159	-4.648e-09
  568	18346		 8214	-4.848e-09
  569	13222		 8215	-4.308e-09
  570	18347		 8217	-5.738e-09
  571	13223		 8218	-5.308e-09
  572	18331		 8220	-5.258e-09
  573	11828		 8221	-4.868e-09
  574	18348		 8222	-5.348e-09
  575	13224		 8223	-4.368e-09
  576	18344		 8278	-4.878e-09
  577	13219		 8279	-4.068e-09
  578	18349		 8281	-5.038e-09
  579	13220		 8282	-4.108e-09
  580	18345		 8284	-4.838e-09
  581	13221		 8285	-3.698e-09
  582	18337		 8286	-4.578e-09
  583	13214		 8287	-3.708e-09
  584	18340		 8342	-4.658e-09
  585	13217		 8343	-3.868e-09
  586	18342		 8345	-4.998e-09
  587	13218		 8346	-3.918e-09
  588	18343		 8348	-4.706e-09
  589	13225		 8349	-3.756e-09
  590	18334		 8350	-4.878e-09
  591	13210		 8351	-4.068e-09
  592	18335		 8406	-5.016e-09
  593	13211		 8407	-3.886e-09
  594	15949		 8409	-4.488e-09
  595	13212		 8410	-3.808e-09
  596	18336		 8412	-4.916e-09
  597	13213		 8413	-3.646e-09
  598	13202		 8415	-3.898e-09
  599	18339		 8470	-5.108e-09
  600	13216		 8471	-4.848e-09
  601	18333		 8473	-5.068e-09
  602	13209		 8474	-4.738e-09
  603	18332		 8476	-5.076e-09
			 8919	-3.292e-09
  604	13208		 8477	-4.856e-09
			19958	-3.842e-09
  605	15936		 8478	-5.378e-09
  606	10471		 8479	-5.948e-09
  607	15929		 8534	-4.998e-09
  608	11861		 8535	-4.628e-09
  609	15925		 8537	-5.346e-09
  610	11857		 8538	-5.056e-09
  611	15918		 8540	-5.266e-09
  612	11850		 8541	-4.816e-09
  613	19617		 8542	-6.158e-09
  614	17283		 8543	-5.238e-09
  615	14570		 8598	-4.088e-09
  616	10500		 8599	-4.538e-09
  617	14566		 8601	-3.868e-09
  618	10496		 8602	-4.608e-09
  619	14555		 8604	-3.918e-09
  620	 9139		 8605	-3.998e-09
  621	14578		 8606	-4.258e-09
  622	 9111		 8607	-4.268e-09
  623	13206		 8663	-4.818e-09
  624	13207		 8666	-4.488e-09
  625	17269		 8668	-4.448e-09
  626	 9121		 8669	-4.668e-09
  627	18314		 8670	-5.018e-09
  628	13193		 8671	-4.968e-09
  629	13203		 8727	-3.848e-09
  630	13204		 8730	-3.728e-09
  631	13205		 8733	-3.798e-09
  632	19619		 8734	-5.718e-09
  633	13192		 8735	-4.058e-09
  634	18315		 8790	-4.968e-09
  635	13194		 8791	-3.828e-09
  636	18319		 8793	-4.598e-09
  637	13198		 8794	-3.858e-09
  638	13201		 8797	-3.838e-09
  639	18320		 8798	-4.908e-09
  640	13199		 8799	-3.688e-09
  641	19615		 8854	-4.958e-09
  642	17280		 8855	-4.478e-09
  643	19616		 8857	-4.958e-09
  644	17282		 8858	-4.478e-09
  645	19620		 8860	-5.528e-09
  646	13191		 8861	-5.748e-09
  647	19613		 8862	-4.836e-09
  648	17278		 8863	-4.566e-09
  649	 8935		 8917	-1.34e-09
			 8925	-2.166e-09
			19955	-3.274e-09
			21181	-2.046e-09
			21192	-2.296e-09
  650	19966		 8918	-1.547e-09
			 8926	-2.413e-09
			19953	-3.291e-09
			19960	-1.317e-09
			21182	-2.123e-09
			21193	-2.263e-09
  651	21201		 8921	-1.708e-09
			19942	-1.818e-09
			19962	-2.168e-09
			20532	-1.836e-09
			20536	-2.066e-09
			20726	-2.436e-09
			20940	-2.368e-09
			21033	-1.928e-09
			21039	-1.828e-09
			21185	-1.898e-09
			21560	-1.718e-09
			21566	-1.718e-09
			22152	-1.968e-09
  652	22268		 8922	-1.448e-09
  653	19963		 8924	-2.466e-09
			19943	-1.34e-09
			19954	-3.464e-09
			21180	-2.296e-09
			21190	-2.136e-09
			22266	-1.448e-09
  654	20546		 8927	-2.246e-09
			19956	-3.604e-09
			20529	-1.398e-09
			20537	-1.34e-09
			21183	-1.996e-09
			21194	-2.436e-09
  655	19964		 8928	-2.266e-09
			19949	-1.04e-09
			19957	-3.264e-09
			21184	-2.096e-09
			21195	-2.426e-09
			22267	-1.168e-09
  656	19614		 8930	-5.608e-09
  657	17279		 8931	-5.048e-09
  658	19612		 8932	-4.838e-09
  659	17277		 8933	-4.228e-09
  660	 8936		20626	-2.496e-09
			20638	-1.998e-09
			21416	-1.788e-09
			22053	-1.746e-09
  661	21200		 9012	-1.758e-09
			 9058	-1.758e-09
			10374	-1.908e-09
			10420	-1.908e-09
			11736	-2.248e-09
			11782	-2.248e-09
			13098	-2.318e-09
			13144	-2.318e-09
			17230	-1.458e-09
			20523	-2.205e-09
			21176	-2.883e-09
			21187	-2.453e-09
			21413	-1.707e-09
			21555	-1.685e-09
			21558	-1.437e-09
			21564	-1.107e-09
			22238	-1.645e-09
  662	21573		 9013	-1.848e-09
			 9059	-1.848e-09
			10375	-1.758e-09
			10421	-1.758e-09
			11737	-1.998e-09
			11783	-1.998e-09
			13099	-2.208e-09
			13145	-2.208e-09
			17231	-1.458e-09
			20524	-1.905e-09
			21414	-1.587e-09
			21551	-1.325e-09
			21556	-1.317e-09
			21561	-1.317e-09
			21567	-3.023e-09
			22045	-2.075e-09
			22058	-2.125e-09
			22240	-2.045e-09
  663	21574		 9014	-1.671e-09
			 9060	-1.671e-09
			10376	-1.771e-09
			10422	-1.771e-09
			11738	-2.031e-09
			11784	-2.031e-09
			13100	-2.231e-09
			13146	-2.231e-09
			17232	-1.631e-09
			20525	-1.878e-09
			21415	-1.35e-09
			21552	-1.498e-09
			21562	-1.35e-09
			21568	-2.836e-09
			22046	-1.868e-09
			22059	-1.898e-09
			22241	-1.898e-09
  664	21433		 9015	-1.541e-09
			 9061	-1.541e-09
			10377	-1.631e-09
			10423	-1.631e-09
			11739	-2.031e-09
			11785	-2.031e-09
			13101	-2.171e-09
			13147	-2.171e-09
			17233	-1.571e-09
			21411	-1.34e-09
			21428	-2.376e-09
			22062	-2.206e-09
  665	21197		 9016	-1.648e-09
			 9062	-1.648e-09
			10378	-1.808e-09
			10424	-1.808e-09
			11740	-2.248e-09
			11786	-2.248e-09
			13102	-2.408e-09
			13148	-2.408e-09
			17234	-1.758e-09
			21177	-2.373e-09
			21189	-2.393e-09
			21417	-1.547e-09
			21422	-1.547e-09
			21429	-2.843e-09
			21569	-2.663e-09
			22242	-1.805e-09
  666	21434		 9017	-1.581e-09
			 9063	-1.581e-09
			10379	-1.671e-09
			10425	-1.671e-09
			11741	-1.921e-09
			11787	-1.921e-09
			13103	-2.121e-09
			13149	-2.121e-09
			17235	-1.521e-09
			20526	-2.278e-09
			21418	-1.04e-09
			21423	-1.04e-09
			21430	-2.586e-09
			21553	-1.618e-09
			21570	-2.956e-09
			22047	-1.398e-09
			22060	-1.518e-09
  667	21435		 9018	-1.668e-09
			 9064	-1.668e-09
			10380	-1.718e-09
			10426	-1.718e-09
			11742	-2.508e-09
			11788	-2.508e-09
			13104	-2.848e-09
			13150	-2.848e-09
			17236	-1.828e-09
			20527	-2.225e-09
			21419	-1.317e-09
			21424	-1.317e-09
			21431	-2.503e-09
			21554	-1.645e-09
			21571	-2.983e-09
			22048	-1.825e-09
			22061	-1.895e-09
  668	21436		 9019	-1.361e-09
			 9065	-1.361e-09
			10381	-1.621e-09
			10427	-1.621e-09
			11743	-2.431e-09
			11789	-2.431e-09
			13105	-2.471e-09
			13151	-2.471e-09
			17237	-1.721e-09
			21425	-1.32e-09
			21432	-2.676e-09
			22063	-2.436e-09
  669	22500		 9020	-5.253e-09
  670	22503		 9021	-4.603e-09
  671	22515		 9022	-3.963e-09
  672	22518		 9023	-6.013e-09
  673	22524		 9024	-3.853e-09
  674	22527		 9025	-3.523e-09
  675	22536		 9026	-5.013e-09
  676	22539		 9027	-4.573e-09
  677	22545		 9028	-3.163e-09
  678	22548		 9029	-3.473e-09
  679	22563		 9030	-4.213e-09
  680	22566		 9031	-3.923e-09
  681	22572		 9032	-4.723e-09
  682	22575		 9033	-4.013e-09
  683	22584		 9034	-5.253e-09
  684	22587		 9035	-5.003e-09
  685	22593		 9036	-5.413e-09
  686	22596		 9037	-4.923e-09
  687	23196		 9038	-1.971e-09
			 9084	-1.971e-09
			10400	-2.661e-09
			10446	-2.661e-09
			11762	-2.771e-09
			11808	-2.771e-09
			13124	-3.011e-09
			13170	-3.011e-09
			17247	-2.711e-09
			20530	-2.563e-09
			20534	-2.893e-09
			20630	-3.053e-09
			20632	-2.593e-09
			21178	-2.365e-09
			21421	-2.385e-09
			21427	-2.155e-09
			22049	-2.673e-09
  688	22608		 9066	-4.003e-09
  689	22611		 9067	-4.663e-09
  690	22617		 9068	-3.773e-09
  691	22620		 9069	-3.523e-09
  692	22629		 9070	-4.703e-09
  693	22632		 9071	-4.363e-09
  694	22638		 9072	-2.963e-09
  695	22641		 9073	-4.633e-09
  696	22659		 9074	-3.963e-09
  697	22662		 9075	-2.903e-09
  698	22668		 9076	-4.013e-09
  699	22671		 9077	-4.763e-09
  700	22680		 9078	-5.213e-09
  701	22683		 9079	-4.413e-09
  702	22689		 9080	-5.013e-09
  703	22692		 9081	-3.053e-09
  704	22704		 9082	-5.263e-09
  705	22401		 9083	-2.613e-09
  706	22281		10382	-4.683e-09
  707	22287		10383	-4.613e-09
  708	22290		10384	-3.463e-09
  709	22299		10385	-5.413e-09
  710	22302		10386	-4.903e-09
  711	22308		10387	-5.083e-09
  712	22311		10388	-3.523e-09
  713	22323		10389	-4.213e-09
  714	22326		10390	-5.683e-09
  715	22332		10391	-4.123e-09
  716	22335		10392	-4.013e-09
  717	22344		10393	-4.213e-09
  718	22347		10394	-5.063e-09
  719	22353		10395	-4.123e-09
  720	22356		10396	-4.053e-09
  721	22371		10397	-4.613e-09
  722	22374		10398	-5.213e-09
  723	22380		10399	-3.833e-09
  724	22383		10428	-5.053e-09
  725	22392		10429	-4.103e-09
  726	22395		10430	-4.763e-09
  727	22419		10431	-4.213e-09
  728	22422		10432	-5.253e-09
  729	22428		10433	-3.213e-09
  730	22431		10434	-5.123e-09
  731	22440		10435	-4.053e-09
  732	22443		10436	-4.653e-09
  733	22449		10437	-3.863e-09
  734	22452		10438	-4.523e-09
  735	22470		10439	-5.613e-09
  736	22473		10440	-5.163e-09
  737	22479		10441	-4.703e-09
  738	22482		10442	-5.813e-09
  739	22491		10443	-4.713e-09
  740	22494		10444	-4.963e-09
  741	22407		10445	-4.963e-09
  742	22992		11744	-4.883e-09
  743	22995		11745	-4.013e-09
  744	23007		11746	-2.723e-09
  745	23010		11747	-5.213e-09
  746	23016		11748	-6.813e-09
  747	23019		11749	-4.983e-09
  748	23028		11750	-3.863e-09
  749	23031		11751	-5.183e-09
  750	23037		11752	-5.863e-09
  751	23040		11753	-3.813e-09
  752	23052		11754	-3.883e-09
  753	23055		11755	-3.883e-09
  754	23061		11756	-4.613e-09
  755	23064		11757	-5.313e-09
  756	23073		11758	-3.923e-09
  757	23076		11759	-5.013e-09
  758	23082		11760	-3.913e-09
  759	23085		11761	-2.563e-09
  760	23100		11790	-6.013e-09
  761	23103		11791	-4.413e-09
  762	23109		11792	-5.963e-09
  763	23112		11793	-4.363e-09
  764	23121		11794	-4.613e-09
  765	23124		11795	-6.963e-09
  766	23130		11796	-3.923e-09
  767	23133		11797	-3.723e-09
  768	23145		11798	-5.213e-09
  769	23148		11799	-4.813e-09
  770	23154		11800	-6.523e-09
  771	23157		11801	-4.503e-09
  772	23166		11802	-4.663e-09
  773	23169		11803	-3.763e-09
  774	23175		11804	-4.613e-09
  775	23178		11805	-4.653e-09
  776	22278		11806	-2.763e-09
  777	22938		11807	-4.763e-09
  778	22806		13106	-5.653e-09
  779	22800		13107	-3.813e-09
  780	22797		13108	-4.923e-09
  781	22785		13109	-4.723e-09
  782	22782		13110	-3.523e-09
  783	22776		13111	-4.923e-09
  784	22773		13112	-4.723e-09
  785	22764		13113	-6.053e-09
  786	22761		13114	-4.403e-09
  787	22755		13115	-5.113e-09
  788	22752		13116	-3.813e-09
  789	22737		13117	-5.323e-09
  790	22734		13118	-5.033e-09
  791	22728		13119	-5.413e-09
  792	22725		13120	-3.923e-09
  793	22716		13121	-5.433e-09
  794	22713		13122	-6.163e-09
  795	22707		13123	-3.863e-09
  796	22881		13152	-4.603e-09
  797	22890		13153	-4.263e-09
  798	22893		13154	-4.463e-09
  799	22899		13155	-4.013e-09
  800	22902		13156	-6.503e-09
  801	22914		13157	-5.633e-09
  802	22917		13158	-5.213e-09
  803	22923		13159	-4.903e-09
  804	22926		13160	-4.763e-09
  805	22935		13161	-5.073e-09
  806	22947		13162	-4.723e-09
  807	22962		13163	-4.763e-09
  808	22965		13164	-4.663e-09
  809	22971		13165	-4.683e-09
  810	22974		13166	-4.653e-09
  811	22983		13167	-4.963e-09
  812	22986		13168	-4.013e-09
  813	22953		13169	-4.653e-09
  814	22812		14468	-4.523e-09
  815	22824		14469	-5.173e-09
  816	22833		14470	-4.813e-09
  817	22854		14471	-5.213e-09
  818	22863		14472	-3.813e-09
  819	22869		14473	-5.573e-09
  820	22908		14474	-2.923e-09
  821	22932		14475	-5.303e-09
  822	22956		14476	-4.613e-09
  823	22980		14477	-4.723e-09
  824	23001		14478	-4.773e-09
  825	23025		14479	-5.253e-09
  826	23046		14480	-4.083e-09
  827	23070		14481	-3.413e-09
  828	23091		14482	-4.303e-09
  829	23118		14483	-5.903e-09
  830	23139		14484	-3.613e-09
  831	23163		14485	-4.703e-09
  832	23184		14514	-3.213e-09
  833	22296		14515	-4.313e-09
  834	22317		14516	-4.363e-09
  835	22341		14517	-4.703e-09
  836	22362		14518	-5.503e-09
  837	22389		14519	-4.403e-09
  838	22410		14520	-5.163e-09
  839	22437		14521	-3.453e-09
  840	22458		14522	-3.863e-09
  841	22488		14523	-3.213e-09
  842	22509		14524	-4.123e-09
  843	22533		14525	-3.013e-09
  844	22554		14526	-4.913e-09
  845	22581		14527	-4.363e-09
  846	22602		14528	-4.013e-09
  847	22626		14529	-4.203e-09
  848	22647		14530	-3.903e-09
  849	22872		14531	-4.803e-09
  850	22398		15830	-3.863e-09
  851	22404		15831	-5.523e-09
  852	22425		15832	-3.173e-09
  853	22434		15833	-3.563e-09
  854	22446		15834	-4.723e-09
  855	22455		15835	-5.513e-09
  856	22476		15836	-3.853e-09
  857	22485		15837	-3.303e-09
  858	22497		15838	-3.263e-09
  859	22506		15839	-3.873e-09
  860	22521		15840	-5.613e-09
  861	22530		15841	-4.723e-09
  862	22542		15842	-4.813e-09
  863	22551		15843	-5.763e-09
  864	22569		15844	-5.463e-09
  865	22578		15845	-3.163e-09
  866	22590		15846	-4.633e-09
  867	22599		15847	-5.463e-09
  868	22614		15876	-3.103e-09
  869	22623		15877	-3.363e-09
  870	22635		15878	-5.373e-09
  871	22644		15879	-3.323e-09
  872	22665		15880	-5.313e-09
  873	22674		15881	-6.213e-09
  874	22686		15882	-5.173e-09
  875	22695		15883	-3.323e-09
  876	22710		15884	-4.903e-09
  877	22719		15885	-4.413e-09
  878	22731		15886	-5.813e-09
  879	22740		15887	-6.363e-09
  880	22758		15888	-3.663e-09
  881	22767		15889	-5.813e-09
  882	22779		15890	-3.623e-09
  883	22788		15891	-3.253e-09
  884	22803		15892	-5.923e-09
  885	22929		15893	-2.903e-09
  886	22284		17192	-3.723e-09
  887	22293		17193	-5.973e-09
  888	22305		17194	-4.173e-09
  889	22314		17195	-4.063e-09
  890	22329		17196	-3.323e-09
  891	22338		17197	-4.123e-09
  892	22350		17198	-5.573e-09
  893	22359		17199	-5.323e-09
  894	22377		17200	-5.163e-09
  895	22386		17201	-5.523e-09
  896	22677		17202	-5.123e-09
  897	22698		17203	-4.003e-09
  898	22722		17204	-4.213e-09
  899	22743		17205	-4.173e-09
  900	22770		17206	-5.283e-09
  901	22791		17207	-5.303e-09
  902	22815		17208	-3.563e-09
  903	23193		17209	-3.403e-09
  904	22878		17238	-3.863e-09
  905	22857		17239	-4.573e-09
  906	22851		17240	-3.213e-09
  907	22848		17241	-4.213e-09
  908	22827		17242	-3.813e-09
  909	22821		17243	-4.363e-09
  910	22818		17244	-4.913e-09
  911	22809		17245	-5.633e-09
  912	22830		17246	-5.213e-09
  913	22416		18230	-5.213e-09
  914	22368		18231	-5.003e-09
  915	23190		18232	-2.973e-09
  916	23097		18233	-3.263e-09
  917	22959		18234	-3.683e-09
  918	22866		18235	-5.973e-09
  919	22839		18236	-4.233e-09
  920	22794		18237	-5.113e-09
  921	22860		18238	-4.373e-09
  922	22836		18239	-6.013e-09
  923	23181		18240	-3.213e-09
  924	23172		18241	-4.253e-09
  925	23160		18242	-5.483e-09
  926	23151		18243	-5.573e-09
  927	23136		18244	-4.213e-09
  928	23127		18245	-4.263e-09
  929	23115		18246	-4.013e-09
  930	23106		18247	-4.453e-09
  931	22884		18276	-3.963e-09
  932	22896		18277	-2.903e-09
  933	22905		18278	-5.053e-09
  934	22920		18279	-3.263e-09
  935	22941		18280	-5.303e-09
  936	22950		18281	-4.373e-09
  937	22968		18282	-5.723e-09
  938	22977		18283	-2.563e-09
  939	22989		18284	-5.203e-09
  940	22998		18285	-4.653e-09
  941	23013		18286	-4.923e-09
  942	23022		18287	-5.103e-09
  943	23034		18288	-4.853e-09
  944	23058		18289	-3.763e-09
  945	23067		18290	-3.473e-09
  946	23079		18291	-4.963e-09
  947	23088		18292	-3.613e-09
  948	23043		18293	-5.323e-09
  949	22467		19592	-3.613e-09
  950	22911		19593	-4.573e-09
  951	22845		19594	-4.013e-09
  952	22464		19595	-5.513e-09
  953	22887		19596	-2.833e-09
  954	22842		19597	-4.613e-09
  955	22749		19598	-5.213e-09
  956	22560		19599	-4.653e-09
  957	22653		19600	-5.963e-09
  958	21057		19945	-2.493e-09
  959	21822		19946	-2.463e-09
  960	23202		19950	-2.595e-09
			20831	-3.215e-09
			21307	-3.063e-09
			21670	-3.215e-09
			21675	-2.915e-09
			21680	-3.015e-09
  961	22204		19951	-2.776e-09
  962	22203		19952	-1.843e-09
  963	22067		20528	-2.436e-09
			22044	-1.996e-09
			22056	-1.866e-09
			22243	-2.076e-09
  964	20545		20538	-2.893e-09
  965	21572		20539	-1.685e-09
  966	22244		20540	-2.076e-09
  967	20543		20541	-2.436e-09
  968	20544		20542	-3.553e-09
  969	20645		20627	-1.818e-09
			23211	-4.06e-09
  970	21437		20628	-2.843e-09
			20634	-2.353e-09
  971	21575		20629	-3.023e-09
			20635	-2.363e-09
  972	21196		20631	-2.883e-09
  973	21199		20633	-2.453e-09
			22054	-2.165e-09
  974	22065		20637	-1.05e-09
			21179	-2.526e-09
			22050	-1.34e-09
			22057	-1.508e-09
			22239	-1.378e-09
  975	20644		20639	-2.363e-09
  976	20643		20640	-2.593e-09
  977	20642		20641	-3.053e-09
  978	22156		20717	-1.726e-09
			20724	-1.956e-09
			21050	-2.386e-09
  979	20733		20718	-1.816e-09
			20725	-2.046e-09
  980	21823		20722	-2.253e-09
			20730	-2.025e-09
			20932	-2.363e-09
			21811	-2.463e-09
  981	20736		20728	-1.04e-09
			20938	-1.34e-09
			21044	-1.966e-09
  982	20735		20731	-2.436e-09
  983	20734		20732	-4.003e-09
  984	21325		20818	-2.126e-09
			21317	-1.04e-09
			22195	-1.306e-09
  985	21937		20822	-2.211e-09
			21311	-2.053e-09
  986	21685		20823	-2.403e-09
  987	20836		20824	-2.176e-09
  988	21686		20829	-2.056e-09
			21315	-2.056e-09
			22202	-2.776e-09
  989	20839		20832	-1.04e-09
			23208	-4.75e-09
  990	20837		20834	-2.403e-09
  991	20838		20835	-2.056e-09
  992	20942		20933	-2.443e-09
  993	20941		20934	-2.376e-09
  994	20944		20937	-1.04e-09
			23214	-4.55e-09
  995	20943		20939	-2.443e-09
  996	21056		21051	-2.493e-09
  997	21323		21319	-3.063e-09
  998	21324		21320	-2.056e-09
  999	21322		21321	-2.315e-09
 1000	22066		22051	-2.125e-09
 1001	22064		22055	-2.673e-09
 1002	23226		23217	--
 1003	   -1		   -1	--
 1004	   -1		   -1	--
 1005	   -1		   -1	--
 1006	   -1		   -1	--
 1007	   -1		   -1	--
 1008	   -1		   -1	--
 1009	   -1		   -1	--
 1010	   -1		   -1	--
 1011	   -1		   -1	--
 1012	   -1		   -1	--
 1013	   -1		   -1	--
 1014	   -1		   -1	--
 1015	   -1		   -1	--
 1016	   -1		   -1	--
 1017	   -1		   -1	--
 1018	   -1		   -1	--
 1019	   -1		   -1	--
 1020	   -1		   -1	--
 1021	   -1		   -1	--
 1022	   -1		   -1	--
 1023	   -1		   -1	--
 1024	   -1		   -1	--
 1025	   -1		   -1	--
 1026	   -1		   -1	--
 1027	   -1		   -1	--
 1028	   -1		   -1	--
 1029	   -1		   -1	--
 1030	   -1		   -1	--
 1031	   -1		   -1	--
 1032	   -1		   -1	--
 1033	   -1		   -1	--
 1034	   -1		   -1	--
 1035	   -1		   -1	--
 1036	   -1		   -1	--
 1037	   -1		   -1	--
 1038	   -1		   -1	--
