Timing criticalities have been normalized to be non-negative by relaxing the required times to the maximum arrival time.

Largest timing criticality in design: 2
Smallest timing criticality in design: 0
Total timing criticality in design: 2535.83

Range		0.0e+00 to 4.0e-01	4.0e-01 to 8.0e-01	8.0e-01 to 1.2e+00	1.2e+00 to 1.6e+00	1.6e+00 to 2.0e+00	
Timing criticalities in range		2718			0			68			873			717			



Net #	Driver_tnode	 to_node	Timing criticality

    0	21687		    0		1.222826
			   46		1.222826
			 1362		1.287185
			 1408		1.287185
			 2724		1.465961
			 2770		1.465961
			 4086		1.401602
			 4132		1.401602
			 5494		1.229977
			20816		1.299342
			20819		1.255292
			20826		1.236699
			21304		1.289617
			21309		1.248141
			21664		1.310784
			21671		1.201230
			21676		1.188358
			21681		1.204090
			22196		1.263587
    1	21688		    1		1.204662
			   47		1.204662
			 1363		1.283324
			 1409		1.283324
			 2725		1.433495
			 2771		1.433495
			 4087		1.347683
			 4133		1.347683
			 5495		1.211813
			20820		1.301487
			20827		1.282895
			21305		1.251430
			21310		1.218535
			21665		1.335526
			21677		1.193078
			21682		1.177346
			22200		1.260011
    2	21689		    2		1.208524
			   48		1.208524
			 1364		1.287185
			 1410		1.287185
			 2726		1.401602
			 2772		1.401602
			 4088		1.322940
			 4134		1.322940
			 5496		1.224256
			20828		1.222397
			21302		1.316791
			21314		1.222397
			21666		1.343678
			21678		1.169765
			21683		1.185498
			21920		1.293335
			22201		1.313930
    3	21690		    3		1.210383
			   49		1.210383
			 1365		1.267591
			 1411		1.267591
			 2727		1.439216
			 2773		1.439216
			 4089		1.360555
			 4135		1.360555
			 5497		1.188930
			21667		1.306922
			21672		1.369851
			21684		1.165904
			21921		1.270881
    4	21939		    4		1.223255
			   50		1.223255
			 1366		1.280463
			 1412		1.280463
			 2728		1.402031
			 2774		1.402031
			 4090		1.366276
			 4136		1.366276
			 5498		1.201802
			20817		1.311213
			21303		1.290046
			21308		1.182780
			21923		1.193078
			21927		1.193078
			21932		1.177346
			22194		1.218249
			22197		1.288616
    5	21938		    5		1.229977
			   51		1.229977
			 1367		1.265732
			 1413		1.265732
			 2729		1.500286
			 2775		1.500286
			 4091		1.407323
			 4137		1.407323
			 5499		1.201373
			20821		1.262443
			21300		1.293907
			21306		1.185212
			21312		1.269594
			21924		1.188358
			21928		1.188358
			21933		1.204090
			22198		1.292477
    6	21940		    6		1.207094
			   52		1.207094
			 1368		1.300057
			 1414		1.300057
			 2730		1.414474
			 2776		1.414474
			 4092		1.350114
			 4138		1.350114
			 5500		1.207094
			20825		1.265303
			21301		1.331093
			21313		1.252431
			21918		1.316219
			21929		1.176916
			21934		1.185498
			22199		1.278175
    7	21941		    7		1.233267
			   53		1.233267
			 1369		1.267591
			 1415		1.267591
			 2731		1.454949
			 2777		1.454949
			 4093		1.376287
			 4139		1.376287
			 5501		1.194651
			21668		1.314073
			21673		1.397025
			21919		1.279462
			21935		1.148741
    8	 7073		    8		1.614703
    9	 7074		    9		1.623284
   10	 7075		   10		1.613272
   11	 7780		   11		1.654748
   12	 7009		   12		1.651888
   13	 7010		   13		1.644737
   14	 7011		   14		1.661899
   15	 8612		   15		1.610412
   16	 6945		   16		1.627574
   17	 6946		   17		1.637586
   18	 6947		   18		1.627574
   19	 6881		   19		1.627574
   20	 6882		   20		1.606121
   21	 6883		   21		1.616133
   22	 6817		   22		1.651888
   23	 6818		   23		1.630435
   24	 6819		   24		1.600400
   25	 8675		   25		1.667620
   26	19965		   26		1.293764
			   72		1.293764
			 1388		1.401030
			 1434		1.401030
			 2750		1.515446
			 2796		1.515446
			 4112		1.436785
			 4158		1.436785
			 5511		1.330950
   27	23222		   27		0.000000
			   28		0.000000
			   29		0.000000
			   30		0.000000
			   31		0.000000
			   32		0.000000
			   33		0.000000
			   34		0.000000
			   35		0.000000
			   36		0.000000
			   37		0.000000
			   38		0.000000
			   39		0.000000
			   40		0.000000
			   41		0.000000
			   42		0.000000
			   43		0.000000
			   44		0.000000
			   45		0.000000
			   73		0.000000
			   74		0.000000
			   75		0.000000
			   76		0.000000
			   77		0.000000
			   78		0.000000
			   79		0.000000
			   80		0.000000
			   81		0.000000
			   82		0.000000
			   83		0.000000
			   84		0.000000
			   85		0.000000
			   86		0.000000
			   87		0.000000
			   88		0.000000
			   89		0.000000
			   90		0.000000
			   91		0.000000
			 1389		0.000000
			 1390		0.000000
			 1391		0.000000
			 1392		0.000000
			 1393		0.000000
			 1394		0.000000
			 1395		0.000000
			 1396		0.000000
			 1397		0.000000
			 1398		0.000000
			 1399		0.000000
			 1400		0.000000
			 1401		0.000000
			 1402		0.000000
			 1403		0.000000
			 1404		0.000000
			 1405		0.000000
			 1406		0.000000
			 1407		0.000000
			 1435		0.000000
			 1436		0.000000
			 1437		0.000000
			 1438		0.000000
			 1439		0.000000
			 1440		0.000000
			 1441		0.000000
			 1442		0.000000
			 1443		0.000000
			 1444		0.000000
			 1445		0.000000
			 1446		0.000000
			 1447		0.000000
			 1448		0.000000
			 1449		0.000000
			 1450		0.000000
			 1451		0.000000
			 1452		0.000000
			 1453		0.000000
			 2751		0.000000
			 2752		0.000000
			 2753		0.000000
			 2754		0.000000
			 2755		0.000000
			 2756		0.000000
			 2757		0.000000
			 2758		0.000000
			 2759		0.000000
			 2760		0.000000
			 2761		0.000000
			 2762		0.000000
			 2763		0.000000
			 2764		0.000000
			 2765		0.000000
			 2766		0.000000
			 2767		0.000000
			 2768		0.000000
			 2769		0.000000
			 2797		0.000000
			 2798		0.000000
			 2799		0.000000
			 2800		0.000000
			 2801		0.000000
			 2802		0.000000
			 2803		0.000000
			 2804		0.000000
			 2805		0.000000
			 2806		0.000000
			 2807		0.000000
			 2808		0.000000
			 2809		0.000000
			 2810		0.000000
			 2811		0.000000
			 2812		0.000000
			 2813		0.000000
			 2814		0.000000
			 2815		0.000000
			 4113		0.000000
			 4114		0.000000
			 4115		0.000000
			 4116		0.000000
			 4117		0.000000
			 4118		0.000000
			 4119		0.000000
			 4120		0.000000
			 4121		0.000000
			 4122		0.000000
			 4123		0.000000
			 4124		0.000000
			 4125		0.000000
			 4126		0.000000
			 4127		0.000000
			 4128		0.000000
			 4129		0.000000
			 4130		0.000000
			 4131		0.000000
			 4159		0.000000
			 4160		0.000000
			 4161		0.000000
			 4162		0.000000
			 4163		0.000000
			 4164		0.000000
			 4165		0.000000
			 4166		0.000000
			 4167		0.000000
			 4168		0.000000
			 4169		0.000000
			 4170		0.000000
			 4171		0.000000
			 4172		0.000000
			 4173		0.000000
			 4174		0.000000
			 4175		0.000000
			 4176		0.000000
			 4177		0.000000
			 5475		0.000000
			 5476		0.000000
			 5477		0.000000
			 5478		0.000000
			 5479		0.000000
			 5480		0.000000
			 5481		0.000000
			 5482		0.000000
			 5483		0.000000
			 5484		0.000000
			 5485		0.000000
			 5486		0.000000
			 5487		0.000000
			 5488		0.000000
			 5489		0.000000
			 5490		0.000000
			 5491		0.000000
			 5492		0.000000
			 5493		0.000000
			 5512		0.000000
			 5513		0.000000
			 5514		0.000000
			 5515		0.000000
			 5516		0.000000
			 5517		0.000000
			 5518		0.000000
			 5519		0.000000
			 5520		0.000000
			 5521		0.000000
			 9039		0.000000
			 9040		0.000000
			 9041		0.000000
			 9042		0.000000
			 9043		0.000000
			 9044		0.000000
			 9045		0.000000
			 9046		0.000000
			 9047		0.000000
			 9048		0.000000
			 9049		0.000000
			 9050		0.000000
			 9051		0.000000
			 9052		0.000000
			 9053		0.000000
			 9054		0.000000
			 9055		0.000000
			 9056		0.000000
			 9057		0.000000
			 9085		0.000000
			 9086		0.000000
			 9087		0.000000
			 9088		0.000000
			 9089		0.000000
			 9090		0.000000
			 9091		0.000000
			 9092		0.000000
			 9093		0.000000
			 9094		0.000000
			 9095		0.000000
			 9096		0.000000
			 9097		0.000000
			 9098		0.000000
			 9099		0.000000
			 9100		0.000000
			 9101		0.000000
			 9102		0.000000
			 9103		0.000000
			10401		0.000000
			10402		0.000000
			10403		0.000000
			10404		0.000000
			10405		0.000000
			10406		0.000000
			10407		0.000000
			10408		0.000000
			10409		0.000000
			10410		0.000000
			10411		0.000000
			10412		0.000000
			10413		0.000000
			10414		0.000000
			10415		0.000000
			10416		0.000000
			10417		0.000000
			10418		0.000000
			10419		0.000000
			10447		0.000000
			10448		0.000000
			10449		0.000000
			10450		0.000000
			10451		0.000000
			10452		0.000000
			10453		0.000000
			10454		0.000000
			10455		0.000000
			10456		0.000000
			10457		0.000000
			10458		0.000000
			10459		0.000000
			10460		0.000000
			10461		0.000000
			10462		0.000000
			10463		0.000000
			10464		0.000000
			10465		0.000000
			11763		0.000000
			11764		0.000000
			11765		0.000000
			11766		0.000000
			11767		0.000000
			11768		0.000000
			11769		0.000000
			11770		0.000000
			11771		0.000000
			11772		0.000000
			11773		0.000000
			11774		0.000000
			11775		0.000000
			11776		0.000000
			11777		0.000000
			11778		0.000000
			11779		0.000000
			11780		0.000000
			11781		0.000000
			11809		0.000000
			11810		0.000000
			11811		0.000000
			11812		0.000000
			11813		0.000000
			11814		0.000000
			11815		0.000000
			11816		0.000000
			11817		0.000000
			11818		0.000000
			11819		0.000000
			11820		0.000000
			11821		0.000000
			11822		0.000000
			11823		0.000000
			11824		0.000000
			11825		0.000000
			11826		0.000000
			11827		0.000000
			13125		0.000000
			13126		0.000000
			13127		0.000000
			13128		0.000000
			13129		0.000000
			13130		0.000000
			13131		0.000000
			13132		0.000000
			13133		0.000000
			13134		0.000000
			13135		0.000000
			13136		0.000000
			13137		0.000000
			13138		0.000000
			13139		0.000000
			13140		0.000000
			13141		0.000000
			13142		0.000000
			13143		0.000000
			13171		0.000000
			13172		0.000000
			13173		0.000000
			13174		0.000000
			13175		0.000000
			13176		0.000000
			13177		0.000000
			13178		0.000000
			13179		0.000000
			13180		0.000000
			13181		0.000000
			13182		0.000000
			13183		0.000000
			13184		0.000000
			13185		0.000000
			13186		0.000000
			13187		0.000000
			13188		0.000000
			13189		0.000000
			14487		0.000000
			14488		0.000000
			14489		0.000000
			14490		0.000000
			14491		0.000000
			14492		0.000000
			14493		0.000000
			14494		0.000000
			14495		0.000000
			14496		0.000000
			14497		0.000000
			14498		0.000000
			14499		0.000000
			14500		0.000000
			14501		0.000000
			14502		0.000000
			14503		0.000000
			14504		0.000000
			14505		0.000000
			14533		0.000000
			14534		0.000000
			14535		0.000000
			14536		0.000000
			14537		0.000000
			14538		0.000000
			14539		0.000000
			14540		0.000000
			14541		0.000000
			14542		0.000000
			14543		0.000000
			14544		0.000000
			14545		0.000000
			14546		0.000000
			14547		0.000000
			14548		0.000000
			14549		0.000000
			14550		0.000000
			14551		0.000000
			15849		0.000000
			15850		0.000000
			15851		0.000000
			15852		0.000000
			15853		0.000000
			15854		0.000000
			15855		0.000000
			15856		0.000000
			15857		0.000000
			15858		0.000000
			15859		0.000000
			15860		0.000000
			15861		0.000000
			15862		0.000000
			15863		0.000000
			15864		0.000000
			15865		0.000000
			15866		0.000000
			15867		0.000000
			15895		0.000000
			15896		0.000000
			15897		0.000000
			15898		0.000000
			15899		0.000000
			15900		0.000000
			15901		0.000000
			15902		0.000000
			15903		0.000000
			15904		0.000000
			15905		0.000000
			15906		0.000000
			15907		0.000000
			15908		0.000000
			15909		0.000000
			15910		0.000000
			15911		0.000000
			15912		0.000000
			15913		0.000000
			17211		0.000000
			17212		0.000000
			17213		0.000000
			17214		0.000000
			17215		0.000000
			17216		0.000000
			17217		0.000000
			17218		0.000000
			17219		0.000000
			17220		0.000000
			17221		0.000000
			17222		0.000000
			17223		0.000000
			17224		0.000000
			17225		0.000000
			17226		0.000000
			17227		0.000000
			17228		0.000000
			17229		0.000000
			17248		0.000000
			17249		0.000000
			17250		0.000000
			17251		0.000000
			17252		0.000000
			17253		0.000000
			17254		0.000000
			17255		0.000000
			17256		0.000000
			17257		0.000000
			18249		0.000000
			18250		0.000000
			18251		0.000000
			18252		0.000000
			18253		0.000000
			18254		0.000000
			18255		0.000000
			18256		0.000000
			18257		0.000000
			18258		0.000000
			18259		0.000000
			18260		0.000000
			18261		0.000000
			18262		0.000000
			18263		0.000000
			18264		0.000000
			18265		0.000000
			18266		0.000000
			18267		0.000000
			18295		0.000000
			18296		0.000000
			18297		0.000000
			18298		0.000000
			18299		0.000000
			18300		0.000000
			18301		0.000000
			18302		0.000000
			18303		0.000000
			18304		0.000000
			18305		0.000000
			18306		0.000000
			18307		0.000000
			18308		0.000000
			18309		0.000000
			18310		0.000000
			18311		0.000000
			18312		0.000000
			18313		0.000000
			19602		0.000000
			19603		0.000000
			19604		0.000000
			19605		0.000000
			19606		0.000000
			19607		0.000000
			19608		0.000000
			19609		0.000000
			19610		0.000000
			19611		0.000000
   28	 6753		   54		1.606121
   29	 6754		   55		1.591819
   30	 6755		   56		1.571796
   31	 6689		   57		1.622998
   32	 6690		   58		1.621854
   33	 6691		   59		1.644737
   34	 6625		   60		1.580378
   35	 6626		   61		1.574657
   36	 6627		   62		1.566076
   37	 6506		   63		1.591819
   38	 6507		   64		1.634296
   39	 6508		   65		1.617563
   40	 6509		   66		1.624285
   41	 6513		   67		1.615704
   42	 6510		   68		1.639016
   43	 6511		   69		1.657180
   44	 7652		   70		1.687357
   45	 7457		   71		1.689073
   46	   92		20340		1.733982
   47	   93		20343		1.739703
   48	   94		20346		1.762586
   49	   95		20349		1.749714
   50	   96		20352		1.784039
   51	   97		20355		1.712529
   52	   98		20358		1.723970
   53	   99		20361		1.784039
   54	  100		20364		1.705378
   55	  101		20367		1.703947
   56	  102		20370		1.726831
   57	  103		20373		1.835526
   58	  104		20376		1.812643
   59	  105		20379		1.805492
   60	  106		20382		1.736842
   61	  107		20385		1.676774
   62	  108		20388		1.805492
   63	  109		20391		1.712529
   64	  110		20394		1.791190
   65	  111		20397		1.794050
   66	  112		20400		1.749714
   67	  113		20403		1.798341
   68	  114		20406		1.726831
   69	  115		20409		1.768307
   70	  116		20412		1.748284
   71	  117		20415		1.713959
   72	  118		20418		1.934211
   73	  119		20421		1.762586
   74	  120		20424		1.698227
   75	  121		20427		1.806922
   76	  122		20430		1.961384
   77	  123		20433		1.739703
   78	  124		20436		1.784039
   79	  125		20439		1.742563
   80	  126		20442		1.942792
   81	  127		20271		1.764016
   82	23218		  128		0.000000
			  129		0.000000
			 1490		0.000000
			 1491		0.000000
			 2852		0.000000
			 2853		0.000000
			 4214		0.000000
			 4215		0.000000
			 5549		0.000000
			 5550		0.000000
			 6514		0.000000
			 8939		0.000000
			 9140		0.000000
			 9141		0.000000
			10502		0.000000
			10503		0.000000
			11864		0.000000
			11865		0.000000
			13226		0.000000
			13227		0.000000
			14588		0.000000
			14589		0.000000
			15950		0.000000
			15951		0.000000
			17285		0.000000
			17286		0.000000
			18350		0.000000
			18351		0.000000
			19621		0.000000
			19967		0.000000
			20547		0.000000
			20646		0.000000
			20737		0.000000
			20840		0.000000
			20945		0.000000
			21058		0.000000
			21202		0.000000
			21326		0.000000
			21438		0.000000
			21576		0.000000
			21691		0.000000
			21826		0.000000
			21942		0.000000
			22068		0.000000
			22157		0.000000
   83	 7649		 1370		1.607552
   84	 7650		 1371		1.621854
   85	 7524		 1372		1.607552
   86	 7651		 1373		1.610412
   87	 8484		 1374		1.850687
   88	 7585		 1375		1.752002
   89	 7586		 1376		1.747712
   90	 7587		 1377		1.759153
   91	 7521		 1378		1.636156
   92	 7522		 1379		1.601831
   93	 7460		 1380		1.631865
   94	 6948		 1381		1.753433
   95	 7523		 1382		1.591819
   96	 7458		 1383		1.617563
   97	 6884		 1384		1.749142
   98	 7459		 1385		1.621854
   99	 7393		 1386		1.651888
  100	 7394		 1387		1.673341
  101	 7395		 1416		1.659039
  102	 8611		 1417		1.571796
  103	 7329		 1418		1.593249
  104	 7330		 1419		1.566076
  105	 7331		 1420		1.587243
  106	 7908		 1421		1.897883
  107	 7265		 1422		1.671625
  108	 7266		 1423		1.681636
  109	 7267		 1424		1.667620
  110	 7201		 1425		1.679062
  111	 7202		 1426		1.679062
  112	 7203		 1427		1.679062
  113	 8610		 1428		1.659039
  114	 7137		 1429		1.590389
  115	 7138		 1430		1.581808
  116	 7139		 1431		1.611842
  117	 8609		 1432		1.649028
  118	 8226		 1433		1.820652
  119	 1454		20232		1.856979
  120	 1455		20235		1.782609
  121	 1456		20238		1.806922
  122	 1457		20241		1.864130
  123	 1458		20244		1.869851
  124	 1459		20247		1.848398
  125	 1460		20250		1.856979
  126	 1461		20253		1.786899
  127	 1462		20256		1.815503
  128	 1463		20259		1.877002
  129	 1464		20262		1.812643
  130	 1465		20265		1.778318
  131	 1466		20268		1.761156
  132	 1467		20274		1.848398
  133	 1468		20277		1.841247
  134	 1469		20280		1.898455
  135	 1470		20283		1.851259
  136	 1471		20286		1.834096
  137	 1472		20289		1.862700
  138	 1473		20292		1.891304
  139	 1474		20295		1.761156
  140	 1475		20298		1.841247
  141	 1476		20301		1.892735
  142	 1477		20304		1.914188
  143	 1478		20307		1.815503
  144	 1479		20310		1.878433
  145	 1480		20313		1.908467
  146	 1481		20316		1.784039
  147	 1482		20319		1.796911
  148	 1483		20322		1.914188
  149	 1484		20325		1.846968
  150	 1485		20328		1.854119
  151	 1486		20331		1.856979
  152	 1487		20334		1.828375
  153	 1488		20337		1.877002
  154	 1489		20118		1.834096
  155	 8227		 2732		1.752002
  156	 8161		 2733		1.750572
  157	 8162		 2734		1.776316
  158	 8164		 2735		1.779176
  159	 8100		 2736		1.759153
  160	 8163		 2737		1.793478
  161	 8097		 2738		1.762014
  162	 8098		 2739		1.737700
  163	 8099		 2740		1.799199
  164	 8033		 2741		1.757723
  165	 8034		 2742		1.750572
  166	 8036		 2743		1.810355
  167	 7268		 2744		1.910755
  168	 8035		 2745		1.750572
  169	 7844		 2746		1.740561
  170	 7972		 2747		1.792048
  171	 7969		 2748		1.762014
  172	 7970		 2749		1.766304
  173	 7971		 2778		1.774886
  174	 7905		 2779		1.741991
  175	 7906		 2780		1.733410
  176	 7907		 2781		1.721968
  177	 8547		 2782		1.753146
  178	 7841		 2783		1.721968
  179	 7842		 2784		1.733410
  180	 7843		 2785		1.756007
  181	 7777		 2786		1.725973
  182	 7778		 2787		1.694508
  183	 7779		 2788		1.757723
  184	 8546		 2789		1.764588
  185	 7713		 2790		1.683352
  186	 7714		 2791		1.693364
  187	 7715		 2792		1.704806
  188	 8545		 2793		1.714817
  189	 7588		 2794		1.802060
  190	 7716		 2795		1.743421
  191	 2816		20124		1.791190
  192	 2817		20127		1.835526
  193	 2818		20130		1.705378
  194	 2819		20133		1.942792
  195	 2820		20136		1.841247
  196	 2821		20139		1.927059
  197	 2822		20142		1.844108
  198	 2823		20145		1.835526
  199	 2824		20148		1.819794
  200	 2825		20151		1.732552
  201	 2826		20154		1.749714
  202	 2827		20157		1.835526
  203	 2828		20160		1.875572
  204	 2829		20163		1.719680
  205	 2830		20166		1.805492
  206	 2831		20169		1.812643
  207	 2832		20172		1.776888
  208	 2833		20175		1.841247
  209	 2834		20178		1.806922
  210	 2835		20181		1.964245
  211	 2836		20184		1.868421
  212	 2837		20187		1.884153
  213	 2838		20190		1.726831
  214	 2839		20193		1.805492
  215	 2840		20196		1.812643
  216	 2841		20199		1.864130
  217	 2842		20202		1.828375
  218	 2843		20205		1.914188
  219	 2844		20208		1.748284
  220	 2845		20211		1.778318
  221	 2846		20214		1.927059
  222	 2847		20217		1.835526
  223	 2848		20220		1.885584
  224	 2849		20223		1.921339
  225	 2850		20226		1.764016
  226	 2851		20478		1.792620
  227	 8867		 4094		1.822083
  228	 8740		 4095		1.817792
  229	 8676		 4096		1.717677
  230	 8801		 4097		1.710526
  231	 7396		 4098		1.909325
  232	 6820		 4099		1.802060
  233	 8802		 4100		1.657609
  234	 8804		 4101		1.701945
  235	 7204		 4102		1.887872
  236	 8803		 4103		1.760584
  237	 8420		 4104		1.729119
  238	 8737		 4105		1.752002
  239	 8738		 4106		1.720538
  240	 8739		 4107		1.720538
  241	 8673		 4108		1.721968
  242	 8674		 4109		1.714817
  243	 6756		 4110		1.767449
  244	 8228		 4111		1.764874
  245	 8483		 4140		1.725973
  246	 8482		 4141		1.724828
  247	 8356		 4142		1.697654
  248	 8417		 4143		1.717391
  249	 8418		 4144		1.641876
  250	 8419		 4145		1.703089
  251	 8292		 4146		1.654748
  252	 6692		 4147		1.730549
  253	 8481		 4148		1.730549
  254	 8353		 4149		1.666190
  255	 6628		 4150		1.715961
  256	 8354		 4151		1.714817
  257	 8355		 4152		1.673055
  258	 8289		 4153		1.697654
  259	 8290		 4154		1.720538
  260	 8291		 4155		1.691934
  261	 8225		 4156		1.693364
  262	 8937		 4157		1.802060
  263	 4178		20493		1.749714
  264	 4179		20490		1.846968
  265	 4180		20487		1.713959
  266	 4181		20484		1.713959
  267	 4182		20481		1.839817
  268	 4183		20475		1.855549
  269	 4184		20472		1.856979
  270	 4185		20469		1.698227
  271	 4186		20466		1.898455
  272	 4187		20463		1.742563
  273	 4188		20460		1.921339
  274	 4189		20457		1.806922
  275	 4190		20454		1.761156
  276	 4191		20451		1.834096
  277	 4192		20448		1.729691
  278	 4193		20445		1.812643
  279	 4194		20229		1.907037
  280	 4195		20121		2.000000
  281	 4196		20067		1.749714
  282	 4197		20070		1.885584
  283	 4198		20073		1.761156
  284	 4199		20076		1.778318
  285	 4200		20079		1.885584
  286	 4201		20082		1.711098
  287	 4202		20085		1.892735
  288	 4203		20088		1.749714
  289	 4204		20091		1.721110
  290	 4205		20094		1.742563
  291	 4206		20097		1.703947
  292	 4207		20100		1.855549
  293	 4208		20103		1.955664
  294	 4209		20106		1.828375
  295	 4210		20109		1.742563
  296	 4211		20112		1.806922
  297	 4212		20115		1.828375
  298	 4213		20514		1.786899
  299	21053		 5448		1.207094
			14460		1.280034
			14506		1.280034
			15822		1.242849
			15868		1.242849
			17184		1.229977
			18222		1.201373
			18268		1.201373
			19584		1.300057
			20714		1.272168
			20930		1.222397
			21030		1.219823
			21035		1.185498
			21040		1.342248
			21046		1.265303
			21812		1.295338
			22149		1.201230
  300	21054		 5449		1.204662
			14461		1.253289
			14507		1.253289
			15823		1.240418
			15869		1.240418
			17185		1.217534
			18223		1.188930
			18269		1.188930
			19585		1.297626
			20716		1.218535
			20723		1.251430
			20926		1.275458
			21036		1.148741
			21041		1.305492
			21047		1.305778
			21813		1.272883
			22150		1.193078
  301	21055		 5450		1.201373
			14462		1.274313
			14508		1.274313
			15824		1.258581
			15870		1.258581
			17186		1.242849
			18224		1.238558
			18270		1.238558
			19586		1.308638
			20927		1.255006
			21037		1.188358
			21042		1.345109
			21048		1.259582
			21815		1.352260
			22151		1.204090
  302	22155		 5451		1.238987
			14463		1.230406
			14509		1.230406
			15825		1.274743
			15871		1.274743
			17187		1.251859
			18225		1.201802
			18271		1.201802
			19587		1.274743
			20922		1.276888
			22147		1.134439
			22153		1.304062
  303	21052		 5452		1.210383
			14464		1.281894
			14510		1.281894
			15826		1.287614
			15872		1.287614
			17188		1.196081
			18226		1.218965
			18272		1.218965
			19588		1.297626
			20713		1.292620
			20919		1.328375
			20924		1.268307
			20929		1.252860
			21031		1.193078
			21043		1.334096
			21806		1.214531
			21818		1.214531
  304	21824		 5453		1.216104
			14465		1.296196
			14511		1.296196
			15827		1.244708
			15873		1.244708
			17189		1.188930
			18227		1.196081
			18273		1.196081
			19589		1.319079
			20715		1.198513
			20721		1.231407
			20729		1.214531
			20920		1.339817
			20925		1.332666
			20931		1.304348
			21049		1.310069
			21807		1.148741
			21810		1.284325
			21819		1.148741
  305	21825		 5454		1.258581
			14466		1.292906
			14512		1.292906
			15828		1.251430
			15874		1.251430
			17190		1.214245
			18228		1.214245
			18274		1.214245
			19590		1.337243
			20720		1.253862
			20921		1.309354
			20928		1.349399
			21045		1.356550
			21808		1.188358
			21814		1.340818
			21820		1.188358
  306	21821		 5455		1.210383
			14467		1.309067
			14513		1.309067
			15829		1.246138
			15875		1.246138
			17191		1.188930
			18229		1.220395
			18275		1.220395
			19591		1.303347
			20923		1.318364
			21809		1.134439
			22154		1.341247
  307	22875		 5456		1.904319
  308	22944		 5457		1.596825
  309	23004		 5458		1.488129
  310	23049		 5459		1.579662
  311	23094		 5460		1.847111
  312	23142		 5461		1.526745
  313	23187		 5462		1.768450
  314	22320		 5463		1.675486
  315	22365		 5464		1.768450
  316	22413		 5465		1.488129
  317	22461		 5466		1.682637
  318	22512		 5467		1.586813
  319	22557		 5468		1.545337
  320	22605		 5469		1.904319
  321	22650		 5470		1.488129
  322	22701		 5471		1.595395
  323	22746		 5472		1.659754
  324	22656		 5473		1.686928
  325	23199		 5474		1.525029
			14486		1.562214
			14532		1.562214
			15848		1.540761
			15894		1.540761
			17210		1.505006
			18248		1.597969
			18294		1.597969
			19601		1.502145
			19944		1.558495
			20719		1.572511
			20936		1.547054
			21034		1.554205
			21805		1.521310
			21817		1.547054
  326	 7332		 5502		1.651888
  327	 8868		 5503		1.691648
  328	 7012		 5504		1.664760
  329	 8865		 5505		1.709096
  330	 7076		 5506		1.678776
  331	 8866		 5507		1.709096
  332	 8548		 5508		1.880721
  333	 7140		 5509		1.817792
  334	 8938		 5510		1.691934
  335	 5522		 6617		1.574657
  336	 5523		 6620		1.566076
  337	 5524		 6489		1.591819
  338	 5525		 6487		1.634296
  339	 5526		 6494		1.580378
  340	 5527		 6492		1.585669
  341	 5528		 6501		1.591390
  342	 5529		 6499		1.639016
  343	 5530		 6497		1.594251
  344	 5531		 7646		1.658753
  345	 5532		 8665		1.714817
  346	 5533		 8662		1.721968
  347	 5534		 8732		1.720538
  348	 5535		 8729		1.720538
  349	 5536		 8726		1.752002
  350	 5537		 8414		1.729119
  351	 5538		 8796		1.760584
  352	 5539		 7006		1.651888
  353	 5540		20064		1.856979
  354	 5541		20517		1.846968
  355	 5542		20511		1.885584
  356	 5543		20508		1.875572
  357	 5544		20505		1.885584
  358	 5545		20502		1.841247
  359	 5546		20499		1.778318
  360	 5547		20496		1.828375
  361	 5548		20520		1.835526
  362	 6512		 6486		1.315074
			 6491		1.339388
			 6496		1.354119
			 6503		1.329376
			 6613		1.262586
			 6616		1.239702
			 6619		1.289760
			 6624		1.421053
			 6677		1.323799
			 6680		1.356979
			 6683		1.305492
			 6688		1.451373
			 6741		1.271167
			 6744		1.302632
			 6747		1.289760
			 6752		1.425343
			 6805		1.286899
			 6808		1.342677
			 6811		1.262586
			 6816		1.452803
			 6869		1.388444
			 6872		1.366991
			 6875		1.381293
			 6880		1.417048
			 6933		1.417048
			 6936		1.432780
			 6939		1.432780
			 6944		1.404176
			 6997		1.296911
			 7000		1.304062
			 7003		1.314073
			 7008		1.346968
			 7061		1.324085
			 7064		1.298341
			 7067		1.349828
			 7072		1.353833
			 7125		1.408467
			 7128		1.428490
			 7131		1.428490
			 7136		1.452803
			 7189		1.395595
			 7192		1.397025
			 7195		1.422769
			 7200		1.495709
			 7253		1.396739
			 7256		1.423913
			 7259		1.365561
			 7264		1.568650
			 7317		1.407037
			 7320		1.381293
			 7323		1.438215
			 7328		1.437071
			 7381		1.411327
			 7384		1.395595
			 7387		1.365561
			 7392		1.532895
			 7445		1.451373
			 7448		1.398455
			 7451		1.404176
			 7456		1.387014
			 7509		1.397025
			 7512		1.354119
			 7515		1.374142
			 7520		1.369851
			 7573		1.520023
			 7576		1.535755
			 7579		1.541476
			 7584		1.597254
			 7637		1.375572
			 7640		1.359840
			 7643		1.369851
			 7648		1.462529
			 7701		1.502861
			 7704		1.518593
			 7707		1.531465
			 7712		1.525744
			 7765		1.511156
			 7768		1.512586
			 7771		1.525744
			 7776		1.379863
			 7829		1.515732
			 7832		1.554348
			 7835		1.569794
			 7840		1.521453
			 7893		1.500000
			 7896		1.534325
			 7899		1.471396
			 7904		1.538616
			 7957		1.544336
			 7960		1.554348
			 7963		1.570080
			 7968		1.567220
			 8021		1.532895
			 8024		1.557208
			 8027		1.492849
			 8032		1.568364
			 8085		1.555778
			 8088		1.570080
			 8091		1.577231
			 8096		1.547197
			 8149		1.538616
			 8152		1.548627
			 8155		1.581522
			 8160		1.522883
			 8213		1.468536
			 8216		1.618707
			 8219		1.518593
			 8224		1.491419
			 8277		1.481407
			 8280		1.485698
			 8283		1.435641
			 8288		1.429920
			 8341		1.407037
			 8344		1.447082
			 8347		1.462529
			 8352		1.489989
			 8405		1.481121
			 8408		1.431350
			 8411		1.473970
			 8416		1.488558
			 8469		1.477117
			 8472		1.468535
			 8475		1.485412
			 8480		1.532895
			 8533		1.510011
			 8536		1.575515
			 8539		1.521167
			 8544		1.510011
			 8597		1.397025
			 8600		1.418478
			 8603		1.421339
			 8608		1.409897
			 8661		1.477117
			 8664		1.468536
			 8667		1.434211
			 8672		1.505721
			 8725		1.461385
			 8728		1.469966
			 8731		1.469966
			 8736		1.451373
			 8789		1.444222
			 8792		1.428490
			 8795		1.469966
			 8800		1.452803
			 8853		1.365561
			 8856		1.349828
			 8859		1.417048
			 8864		1.359554
			 8923		1.356979
			 8929		1.441362
			 8934		1.358410
			21191		1.325515
  363	 9132		 6488		1.621424
  364	 9131		 6490		1.584668
  365	 9134		 6493		1.624285
  366	 9133		 6495		1.617563
  367	 9137		 6498		1.657180
  368	 9136		 6500		1.616133
  369	 9135		 6502		1.615704
  370	23205		 6504		1.479834
			 8920		1.472683
			19941		1.474113
			19947		1.496997
			19959		1.474113
			20533		1.508152
			20636		1.494136
			20727		1.472683
			20830		1.456951
			20935		1.478404
			21032		1.472683
			21038		1.515589
			21175		1.472683
			21186		1.495566
			21316		1.472683
			21412		1.494136
			21420		1.495566
			21426		1.495566
			21557		1.481264
			21563		1.481264
			21669		1.466962
			21674		1.481264
			21679		1.456951
			21804		1.505578
			21816		1.505578
			21922		1.474113
			21926		1.474113
			21931		1.451230
			22052		1.498427
			22148		1.479834
  371	21198		 6505		1.325801
			19948		1.304348
			19961		1.268593
			20531		1.315503
			20535		1.328375
			20833		1.267162
			21188		1.245709
			21318		1.292906
			21559		1.268593
			21565		1.268593
			21925		1.261442
			21930		1.261442
			21936		1.241419
  372	18322		 6614		1.461671
  373	 9128		 6615		1.580378
  374	 9129		 6618		1.556064
  375	 9130		 6621		1.548913
  376	18341		 6622		1.667334
  377	11863		 6623		1.715961
  378	17273		 6678		1.587243
  379	 9125		 6679		1.622998
  380	17274		 6681		1.597540
  381	 9126		 6682		1.621854
  382	18323		 6684		1.571796
  383	 9127		 6685		1.644737
  384	18338		 6686		1.730549
  385	13215		 6687		1.730549
  386	17270		 6742		1.583238
  387	 9122		 6743		1.606121
  388	17271		 6745		1.566076
  389	 9123		 6746		1.591819
  390	17272		 6748		1.566076
  391	 9124		 6749		1.571796
  392	15931		 6750		1.767449
  393	10466		 6751		1.760298
  394	14585		 6806		1.651888
  395	 9118		 6807		1.548913
  396	14586		 6809		1.630435
  397	 9119		 6810		1.568936
  398	17268		 6812		1.600400
  399	 9120		 6813		1.567506
  400	18318		 6814		1.674771
  401	13197		 6815		1.802060
  402	14582		 6870		1.627574
  403	 9115		 6871		1.566076
  404	14583		 6873		1.606121
  405	 9116		 6874		1.544622
  406	14584		 6876		1.616133
  407	 9117		 6877		1.548913
  408	15947		 6878		1.749142
  409	10482		 6879		1.657609
  410	14579		 6934		1.627574
  411	 9112		 6935		1.613272
  412	14580		 6937		1.637586
  413	 9113		 6938		1.611842
  414	14581		 6940		1.627574
  415	 9114		 6941		1.613272
  416	15943		 6942		1.753433
  417	10478		 6943		1.640446
  418	14575		 6998		1.651888
  419	 9108		 6999		1.556064
  420	14576		 7001		1.644737
  421	 9109		 7002		1.563215
  422	14577		 7004		1.661899
  423	 9110		 7005		1.566076
  424	17284		 7007		1.664760
  425	14571		 7062		1.614703
  426	 9104		 7063		1.557494
  427	14572		 7065		1.623284
  428	 9105		 7066		1.570366
  429	14573		 7068		1.613272
  430	 9106		 7069		1.563215
  431	17275		 7070		1.678776
  432	17281		 7071		1.645881
  433	14567		 7126		1.590389
  434	10497		 7127		1.547483
  435	14568		 7129		1.581808
  436	10498		 7130		1.514588
  437	14569		 7132		1.611842
  438	10499		 7133		1.524600
  439	19618		 7134		1.701945
  440	13190		 7135		1.817792
  441	14563		 7190		1.650458
  442	10493		 7191		1.679062
  443	14564		 7193		1.664760
  444	10494		 7194		1.679062
  445	14565		 7196		1.650458
  446	10495		 7197		1.679062
  447	18321		 7198		1.729119
  448	13200		 7199		1.887872
  449	14560		 7254		1.645881
  450	10490		 7255		1.671625
  451	14561		 7257		1.635870
  452	10491		 7258		1.681636
  453	14562		 7260		1.653318
  454	10492		 7261		1.667620
  455	17262		 7262		1.899314
  456	11840		 7263		1.910755
  457	14556		 7318		1.593249
  458	10501		 7319		1.526030
  459	14557		 7321		1.566076
  460	10487		 7322		1.538902
  461	14558		 7324		1.587243
  462	10488		 7325		1.540046
  463	14587		 7326		1.636156
  464	17276		 7327		1.651888
  465	14552		 7382		1.631865
  466	10484		 7383		1.651888
  467	14553		 7385		1.616133
  468	10485		 7386		1.673341
  469	14554		 7388		1.596110
  470	10486		 7389		1.659039
  471	18316		 7390		1.783467
  472	13195		 7391		1.909325
  473	15945		 7446		1.689073
  474	10480		 7447		1.606121
  475	15946		 7449		1.617563
  476	10481		 7450		1.543192
  477	15948		 7452		1.621854
  478	10483		 7453		1.543192
  479	15942		 7454		1.631865
  480	10477		 7455		1.541762
  481	15940		 7510		1.636156
  482	10475		 7511		1.524600
  483	15941		 7513		1.601831
  484	10476		 7514		1.524600
  485	15944		 7516		1.591819
  486	10479		 7517		1.514588
  487	15934		 7518		1.607552
  488	10469		 7519		1.533181
  489	15937		 7574		1.670481
  490	10472		 7575		1.752002
  491	15938		 7577		1.650458
  492	10473		 7578		1.747712
  493	15939		 7580		1.676201
  494	10474		 7581		1.759153
  495	15930		 7582		1.731979
  496	11862		 7583		1.802060
  497	15932		 7638		1.607552
  498	10467		 7639		1.538902
  499	15933		 7641		1.621854
  500	10468		 7642		1.490275
  501	15935		 7644		1.610412
  502	10470		 7645		1.500286
  503	 9138		 7647		1.687357
  504	15926		 7702		1.683352
  505	11858		 7703		1.637586
  506	15927		 7705		1.693364
  507	11859		 7706		1.627574
  508	15928		 7708		1.704806
  509	11860		 7709		1.656178
  510	18317		 7710		1.743421
  511	13196		 7711		1.636156
  512	15922		 7766		1.725973
  513	11854		 7767		1.691648
  514	15923		 7769		1.694508
  515	11855		 7770		1.688787
  516	15924		 7772		1.757723
  517	11856		 7773		1.713387
  518	14574		 7774		1.654748
  519	 9107		 7775		1.636156
  520	15919		 7830		1.721968
  521	11851		 7831		1.651888
  522	15920		 7833		1.733410
  523	11852		 7834		1.680492
  524	15921		 7836		1.756007
  525	11853		 7837		1.695938
  526	17264		 7838		1.740561
  527	11842		 7839		1.679062
  528	15915		 7894		1.741991
  529	11847		 7895		1.691934
  530	15916		 7897		1.733410
  531	11848		 7898		1.713387
  532	15917		 7900		1.721968
  533	11849		 7901		1.691934
  534	14559		 7902		1.834954
  535	10489		 7903		1.897883
  536	17266		 7958		1.762014
  537	11844		 7959		1.714817
  538	17267		 7961		1.766304
  539	11845		 7962		1.683352
  540	15914		 7964		1.774886
  541	11846		 7965		1.691934
  542	17265		 7966		1.792048
  543	11843		 7967		1.714817
  544	17259		 8022		1.757723
  545	11837		 8023		1.703375
  546	17260		 8025		1.750572
  547	11838		 8026		1.687643
  548	17263		 8028		1.750572
  549	11841		 8029		1.689073
  550	17261		 8030		1.810355
  551	11839		 8031		1.745996
  552	18325		 8086		1.762014
  553	11834		 8087		1.673341
  554	18324		 8089		1.737700
  555	11835		 8090		1.673341
  556	17258		 8092		1.799199
  557	11836		 8093		1.677632
  558	18327		 8094		1.759153
  559	11832		 8095		1.654748
  560	18330		 8150		1.750572
  561	11829		 8151		1.681922
  562	18329		 8153		1.776316
  563	11830		 8154		1.686213
  564	18326		 8156		1.793478
  565	11833		 8157		1.703375
  566	18328		 8158		1.779176
  567	11831		 8159		1.664760
  568	18346		 8214		1.693364
  569	13222		 8215		1.616133
  570	18347		 8217		1.820652
  571	13223		 8218		1.759153
  572	18331		 8220		1.752002
  573	11828		 8221		1.696224
  574	18348		 8222		1.764874
  575	13224		 8223		1.624714
  576	18344		 8278		1.697654
  577	13219		 8279		1.581808
  578	18349		 8281		1.720538
  579	13220		 8282		1.587529
  580	18345		 8284		1.691934
  581	13221		 8285		1.528890
  582	18337		 8286		1.654748
  583	13214		 8287		1.530320
  584	18340		 8342		1.666190
  585	13217		 8343		1.553204
  586	18342		 8345		1.714817
  587	13218		 8346		1.560355
  588	18343		 8348		1.673055
  589	13225		 8349		1.537185
  590	18334		 8350		1.697654
  591	13210		 8351		1.581808
  592	18335		 8406		1.717391
  593	13211		 8407		1.555778
  594	15949		 8409		1.641876
  595	13212		 8410		1.544622
  596	18336		 8412		1.703089
  597	13213		 8413		1.521453
  598	13202		 8415		1.557494
  599	18339		 8470		1.730549
  600	13216		 8471		1.693364
  601	18333		 8473		1.724828
  602	13209		 8474		1.677632
  603	18332		 8476		1.725973
			 8919		1.470824
  604	13208		 8477		1.694508
			19958		1.549485
  605	15936		 8478		1.769165
  606	10471		 8479		1.850687
  607	15929		 8534		1.714817
  608	11861		 8535		1.661899
  609	15925		 8537		1.764588
  610	11857		 8538		1.723112
  611	15918		 8540		1.753146
  612	11850		 8541		1.688787
  613	19617		 8542		1.880721
  614	17283		 8543		1.749142
  615	14570		 8598		1.584668
  616	10500		 8599		1.649028
  617	14566		 8601		1.553204
  618	10496		 8602		1.659039
  619	14555		 8604		1.560355
  620	 9139		 8605		1.571796
  621	14578		 8606		1.608982
  622	 9111		 8607		1.610412
  623	13206		 8663		1.689073
  624	13207		 8666		1.641876
  625	17269		 8668		1.636156
  626	 9121		 8669		1.667620
  627	18314		 8670		1.717677
  628	13193		 8671		1.710526
  629	13203		 8727		1.550343
  630	13204		 8730		1.533181
  631	13205		 8733		1.543192
  632	19619		 8734		1.817792
  633	13192		 8735		1.580378
  634	18315		 8790		1.710526
  635	13194		 8791		1.547483
  636	18319		 8793		1.657609
  637	13198		 8794		1.551774
  638	13201		 8797		1.548913
  639	18320		 8798		1.701945
  640	13199		 8799		1.527460
  641	19615		 8854		1.709096
  642	17280		 8855		1.640446
  643	19616		 8857		1.709096
  644	17282		 8858		1.640446
  645	19620		 8860		1.790618
  646	13191		 8861		1.822083
  647	19613		 8862		1.691648
  648	17278		 8863		1.653032
  649	 8935		 8917		1.191648
			 8925		1.309783
			19955		1.468249
			21181		1.292620
			21192		1.328375
  650	19966		 8918		1.221253
			 8926		1.345109
			19953		1.470681
			19960		1.188358
			21182		1.303633
			21193		1.323656
  651	21201		 8921		1.244279
			19942		1.260011
			19962		1.310069
			20532		1.262586
			20536		1.295480
			20726		1.348398
			20940		1.338673
			21033		1.275744
			21039		1.261442
			21185		1.271453
			21560		1.245709
			21566		1.245709
			22152		1.281465
  652	22268		 8922		1.207094
  653	19963		 8924		1.352689
			19943		1.191648
			19954		1.495423
			21180		1.328375
			21190		1.305492
			22266		1.207094
  654	20546		 8927		1.321224
			19956		1.515446
			20529		1.199943
			20537		1.191648
			21183		1.285469
			21194		1.348398
  655	19964		 8928		1.324085
			19949		1.148741
			19957		1.466819
			21184		1.299771
			21195		1.346968
			22267		1.167048
  656	19614		 8930		1.802060
  657	17279		 8931		1.721968
  658	19612		 8932		1.691934
  659	17277		 8933		1.604691
  660	 8936		20626		1.356979
			20638		1.285755
			21416		1.255721
			22053		1.249714
  661	21200		 9012		1.251430
			 9058		1.251430
			10374		1.272883
			10420		1.272883
			11736		1.321510
			11782		1.321510
			13098		1.331522
			13144		1.331522
			17230		1.208524
			20523		1.315360
			21176		1.412328
			21187		1.350830
			21413		1.244136
			21555		1.240990
			21558		1.205521
			21564		1.158324
			22238		1.235269
  662	21573		 9013		1.264302
			 9059		1.264302
			10375		1.251430
			10421		1.251430
			11737		1.285755
			11783		1.285755
			13099		1.315789
			13145		1.315789
			17231		1.208524
			20524		1.272454
			21414		1.226974
			21551		1.189502
			21556		1.188358
			21561		1.188358
			21567		1.432351
			22045		1.296768
			22058		1.303919
			22240		1.292477
  663	21574		 9014		1.238987
			 9060		1.238987
			10376		1.253289
			10422		1.253289
			11738		1.290475
			11784		1.290475
			13100		1.319079
			13146		1.319079
			17232		1.233267
			20525		1.268593
			21415		1.193078
			21552		1.214245
			21562		1.193078
			21568		1.405606
			22046		1.267162
			22059		1.271453
			22241		1.271453
  664	21433		 9015		1.220395
			 9061		1.220395
			10377		1.233267
			10423		1.233267
			11739		1.290475
			11785		1.290475
			13101		1.310498
			13147		1.310498
			17233		1.224685
			21411		1.191648
			21428		1.339817
			22062		1.315503
  665	21197		 9016		1.235698
			 9062		1.235698
			10378		1.258581
			10424		1.258581
			11740		1.321510
			11786		1.321510
			13102		1.344394
			13148		1.344394
			17234		1.251430
			21177		1.339388
			21189		1.342248
			21417		1.221253
			21422		1.221253
			21429		1.406608
			21569		1.380864
			22242		1.258152
  666	21434		 9017		1.226116
			 9063		1.226116
			10379		1.238987
			10425		1.238987
			11741		1.274743
			11787		1.274743
			13103		1.303347
			13149		1.303347
			17235		1.217534
			20526		1.325801
			21418		1.148741
			21423		1.148741
			21430		1.369851
			21553		1.231407
			21570		1.422769
			22047		1.199943
			22060		1.217105
  667	21435		 9018		1.238558
			 9064		1.238558
			10380		1.245709
			10426		1.245709
			11742		1.358696
			11788		1.358696
			13104		1.407323
			13150		1.407323
			17236		1.261442
			20527		1.318221
			21419		1.188358
			21424		1.188358
			21431		1.357981
			21554		1.235269
			21571		1.426630
			22048		1.261013
			22061		1.271024
  668	21436		 9019		1.194651
			 9065		1.194651
			10381		1.231836
			10427		1.231836
			11743		1.347683
			11789		1.347683
			13105		1.353404
			13151		1.353404
			17237		1.246138
			21425		1.188787
			21432		1.382723
			22063		1.348398
  669	22500		 9020		1.751287
  670	22503		 9021		1.658324
  671	22515		 9022		1.566791
  672	22518		 9023		1.859983
  673	22524		 9024		1.551058
  674	22527		 9025		1.503862
  675	22536		 9026		1.716962
  676	22539		 9027		1.654033
  677	22545		 9028		1.452374
  678	22548		 9029		1.496711
  679	22563		 9030		1.602546
  680	22566		 9031		1.561070
  681	22572		 9032		1.675486
  682	22575		 9033		1.573942
  683	22584		 9034		1.751287
  684	22587		 9035		1.715532
  685	22593		 9036		1.774170
  686	22596		 9037		1.704090
  687	23196		 9038		1.281894
			 9084		1.281894
			10400		1.380578
			10446		1.380578
			11762		1.396310
			11808		1.396310
			13124		1.430635
			13170		1.430635
			17247		1.387729
			20530		1.366562
			20534		1.413759
			20630		1.436642
			20632		1.370852
			21178		1.338244
			21421		1.341104
			21427		1.308209
			22049		1.382294
  688	22608		 9066		1.572511
  689	22611		 9067		1.666905
  690	22617		 9068		1.539617
  691	22620		 9069		1.503862
  692	22629		 9070		1.672626
  693	22632		 9071		1.623999
  694	22638		 9072		1.423770
  695	22641		 9073		1.662614
  696	22659		 9074		1.566791
  697	22662		 9075		1.415189
  698	22668		 9076		1.573942
  699	22671		 9077		1.681207
  700	22680		 9078		1.745566
  701	22683		 9079		1.631150
  702	22689		 9080		1.716962
  703	22692		 9081		1.436642
  704	22704		 9082		1.752717
  705	22401		 9083		1.373713
  706	22281		10382		1.669765
  707	22287		10383		1.659754
  708	22290		10384		1.495280
  709	22299		10385		1.774170
  710	22302		10386		1.701230
  711	22308		10387		1.726974
  712	22311		10388		1.503862
  713	22323		10389		1.602546
  714	22326		10390		1.812786
  715	22332		10391		1.589674
  716	22335		10392		1.573942
  717	22344		10393		1.602546
  718	22347		10394		1.724113
  719	22353		10395		1.589674
  720	22356		10396		1.579662
  721	22371		10397		1.659754
  722	22374		10398		1.745566
  723	22380		10399		1.548198
  724	22383		10428		1.722683
  725	22392		10429		1.586813
  726	22395		10430		1.681207
  727	22419		10431		1.602546
  728	22422		10432		1.751287
  729	22428		10433		1.459525
  730	22431		10434		1.732695
  731	22440		10435		1.579662
  732	22443		10436		1.665475
  733	22449		10437		1.552489
  734	22452		10438		1.646882
  735	22470		10439		1.802775
  736	22473		10440		1.738415
  737	22479		10441		1.672626
  738	22482		10442		1.831379
  739	22491		10443		1.674056
  740	22494		10444		1.709811
  741	22407		10445		1.709811
  742	22992		11744		1.698370
  743	22995		11745		1.573942
  744	23007		11746		1.389445
  745	23010		11747		1.745566
  746	23016		11748		1.974399
  747	23019		11749		1.712672
  748	23028		11750		1.552489
  749	23031		11751		1.741276
  750	23037		11752		1.838530
  751	23040		11753		1.545337
  752	23052		11754		1.555349
  753	23055		11755		1.555349
  754	23061		11756		1.659754
  755	23064		11757		1.759868
  756	23073		11758		1.561070
  757	23076		11759		1.716962
  758	23082		11760		1.559640
  759	23085		11761		1.366562
  760	23100		11790		1.859983
  761	23103		11791		1.631150
  762	23109		11792		1.852832
  763	23112		11793		1.623999
  764	23121		11794		1.659754
  765	23124		11795		1.995852
  766	23130		11796		1.561070
  767	23133		11797		1.532466
  768	23145		11798		1.745566
  769	23148		11799		1.688358
  770	23154		11800		1.932923
  771	23157		11801		1.644022
  772	23166		11802		1.666905
  773	23169		11803		1.538187
  774	23175		11804		1.659754
  775	23178		11805		1.665475
  776	22278		11806		1.395166
  777	22938		11807		1.681207
  778	22806		13106		1.808495
  779	22800		13107		1.545337
  780	22797		13108		1.704090
  781	22785		13109		1.675486
  782	22782		13110		1.503862
  783	22776		13111		1.704090
  784	22773		13112		1.675486
  785	22764		13113		1.865704
  786	22761		13114		1.629720
  787	22755		13115		1.731264
  788	22752		13116		1.545337
  789	22737		13117		1.761299
  790	22734		13118		1.719823
  791	22728		13119		1.774170
  792	22725		13120		1.561070
  793	22716		13121		1.777031
  794	22713		13122		1.881436
  795	22707		13123		1.552489
  796	22881		13152		1.658324
  797	22890		13153		1.609697
  798	22893		13154		1.638301
  799	22899		13155		1.573942
  800	22902		13156		1.930063
  801	22914		13157		1.805635
  802	22917		13158		1.745566
  803	22923		13159		1.701230
  804	22926		13160		1.681207
  805	22935		13161		1.725543
  806	22947		13162		1.675486
  807	22962		13163		1.681207
  808	22965		13164		1.666905
  809	22971		13165		1.669765
  810	22974		13166		1.665475
  811	22983		13167		1.709811
  812	22986		13168		1.573942
  813	22953		13169		1.665475
  814	22812		14468		1.646882
  815	22824		14469		1.739846
  816	22833		14470		1.688358
  817	22854		14471		1.745566
  818	22863		14472		1.545337
  819	22869		14473		1.797054
  820	22908		14474		1.418049
  821	22932		14475		1.758438
  822	22956		14476		1.659754
  823	22980		14477		1.675486
  824	23001		14478		1.682637
  825	23025		14479		1.751287
  826	23046		14480		1.583953
  827	23070		14481		1.488129
  828	23091		14482		1.615418
  829	23118		14483		1.844251
  830	23139		14484		1.516733
  831	23163		14485		1.672626
  832	23184		14514		1.459525
  833	22296		14515		1.616848
  834	22317		14516		1.623999
  835	22341		14517		1.672626
  836	22362		14518		1.787042
  837	22389		14519		1.629720
  838	22410		14520		1.738415
  839	22437		14521		1.493850
  840	22458		14522		1.552489
  841	22488		14523		1.459525
  842	22509		14524		1.589674
  843	22533		14525		1.430921
  844	22554		14526		1.702660
  845	22581		14527		1.623999
  846	22602		14528		1.573942
  847	22626		14529		1.601115
  848	22647		14530		1.558209
  849	22872		14531		1.686928
  850	22398		15830		1.552489
  851	22404		15831		1.789903
  852	22425		15832		1.453804
  853	22434		15833		1.509582
  854	22446		15834		1.675486
  855	22455		15835		1.788473
  856	22476		15836		1.551058
  857	22485		15837		1.472397
  858	22497		15838		1.466676
  859	22506		15839		1.553919
  860	22521		15840		1.802775
  861	22530		15841		1.675486
  862	22542		15842		1.688358
  863	22551		15843		1.824228
  864	22569		15844		1.781322
  865	22578		15845		1.452374
  866	22590		15846		1.662614
  867	22599		15847		1.781322
  868	22614		15876		1.443793
  869	22623		15877		1.480978
  870	22635		15878		1.768450
  871	22644		15879		1.475257
  872	22665		15880		1.759868
  873	22674		15881		1.888587
  874	22686		15882		1.739846
  875	22695		15883		1.475257
  876	22710		15884		1.701230
  877	22719		15885		1.631150
  878	22731		15886		1.831379
  879	22740		15887		1.910040
  880	22758		15888		1.523884
  881	22767		15889		1.831379
  882	22779		15890		1.518164
  883	22788		15891		1.465246
  884	22803		15892		1.847111
  885	22929		15893		1.415189
  886	22284		17192		1.532466
  887	22293		17193		1.854262
  888	22305		17194		1.596825
  889	22314		17195		1.581093
  890	22329		17196		1.475257
  891	22338		17197		1.589674
  892	22350		17198		1.797054
  893	22359		17199		1.761299
  894	22377		17200		1.738415
  895	22386		17201		1.789903
  896	22677		17202		1.732695
  897	22698		17203		1.572511
  898	22722		17204		1.602546
  899	22743		17205		1.596825
  900	22770		17206		1.755578
  901	22791		17207		1.758438
  902	22815		17208		1.509582
  903	23193		17209		1.486699
  904	22878		17238		1.552489
  905	22857		17239		1.654033
  906	22851		17240		1.459525
  907	22848		17241		1.602546
  908	22827		17242		1.545337
  909	22821		17243		1.623999
  910	22818		17244		1.702660
  911	22809		17245		1.805635
  912	22830		17246		1.745566
  913	22416		18230		1.745566
  914	22368		18231		1.715532
  915	23190		18232		1.425200
  916	23097		18233		1.466676
  917	22959		18234		1.526745
  918	22866		18235		1.854262
  919	22839		18236		1.605406
  920	22794		18237		1.731264
  921	22860		18238		1.625429
  922	22836		18239		1.859983
  923	23181		18240		1.459525
  924	23172		18241		1.608267
  925	23160		18242		1.784182
  926	23151		18243		1.797054
  927	23136		18244		1.602546
  928	23127		18245		1.609697
  929	23115		18246		1.573942
  930	23106		18247		1.636871
  931	22884		18276		1.566791
  932	22896		18277		1.415189
  933	22905		18278		1.722683
  934	22920		18279		1.466676
  935	22941		18280		1.758438
  936	22950		18281		1.625429
  937	22968		18282		1.818507
  938	22977		18283		1.366562
  939	22989		18284		1.744136
  940	22998		18285		1.665475
  941	23013		18286		1.704090
  942	23022		18287		1.729834
  943	23034		18288		1.694079
  944	23058		18289		1.538187
  945	23067		18290		1.496711
  946	23079		18291		1.709811
  947	23088		18292		1.516733
  948	23043		18293		1.761299
  949	22467		19592		1.516733
  950	22911		19593		1.654033
  951	22845		19594		1.573942
  952	22464		19595		1.788473
  953	22887		19596		1.405177
  954	22842		19597		1.659754
  955	22749		19598		1.745566
  956	22560		19599		1.665475
  957	22653		19600		1.852832
  958	21057		19945		1.356550
  959	21822		19946		1.352260
  960	23202		19950		1.371138
			20831		1.459811
			21307		1.438072
			21670		1.459811
			21675		1.416905
			21680		1.431207
  961	22204		19951		1.397025
  962	22203		19952		1.263587
  963	22067		20528		1.348398
			22044		1.285469
			22056		1.266876
			22243		1.296911
  964	20545		20538		1.413759
  965	21572		20539		1.240990
  966	22244		20540		1.296911
  967	20543		20541		1.348398
  968	20544		20542		1.508152
  969	20645		20627		1.260011
			23211		1.580664
  970	21437		20628		1.406608
			20634		1.336527
  971	21575		20629		1.432351
			20635		1.337958
  972	21196		20631		1.412328
  973	21199		20633		1.350830
			22054		1.309640
  974	22065		20637		1.150172
			21179		1.361270
			22050		1.191648
			22057		1.215675
			22239		1.197082
  975	20644		20639		1.337958
  976	20643		20640		1.370852
  977	20642		20641		1.436642
  978	22156		20717		1.246854
			20724		1.279748
			21050		1.341247
  979	20733		20718		1.259725
			20725		1.292620
  980	21823		20722		1.322225
			20730		1.289617
			20932		1.337958
			21811		1.352260
  981	20736		20728		1.148741
			20938		1.191648
			21044		1.281178
  982	20735		20731		1.348398
  983	20734		20732		1.572511
  984	21325		20818		1.304062
			21317		1.148741
			22195		1.186785
  985	21937		20822		1.316219
			21311		1.293621
  986	21685		20823		1.343678
  987	20836		20824		1.311213
  988	21686		20829		1.294050
			21315		1.294050
			22202		1.397025
  989	20839		20832		1.148741
			23208		1.679348
  990	20837		20834		1.343678
  991	20838		20835		1.294050
  992	20942		20933		1.349399
  993	20941		20934		1.339817
  994	20944		20937		1.148741
			23214		1.650744
  995	20943		20939		1.349399
  996	21056		21051		1.356550
  997	21323		21319		1.438072
  998	21324		21320		1.294050
  999	21322		21321		1.331093
 1000	22066		22051		1.303919
 1001	22064		22055		1.382294
 1002	23226		23217		0.000000
 1003	   -1		   -1		0.000000
 1004	   -1		   -1		0.000000
 1005	   -1		   -1		0.000000
 1006	   -1		   -1		0.000000
 1007	   -1		   -1		0.000000
 1008	   -1		   -1		0.000000
 1009	   -1		   -1		0.000000
 1010	   -1		   -1		0.000000
 1011	   -1		   -1		0.000000
 1012	   -1		   -1		0.000000
 1013	   -1		   -1		0.000000
 1014	   -1		   -1		0.000000
 1015	   -1		   -1		0.000000
 1016	   -1		   -1		0.000000
 1017	   -1		   -1		0.000000
 1018	   -1		   -1		0.000000
 1019	   -1		   -1		0.000000
 1020	   -1		   -1		0.000000
 1021	   -1		   -1		0.000000
 1022	   -1		   -1		0.000000
 1023	   -1		   -1		0.000000
 1024	   -1		   -1		0.000000
 1025	   -1		   -1		0.000000
 1026	   -1		   -1		0.000000
 1027	   -1		   -1		0.000000
 1028	   -1		   -1		0.000000
 1029	   -1		   -1		0.000000
 1030	   -1		   -1		0.000000
 1031	   -1		   -1		0.000000
 1032	   -1		   -1		0.000000
 1033	   -1		   -1		0.000000
 1034	   -1		   -1		0.000000
 1035	   -1		   -1		0.000000
 1036	   -1		   -1		0.000000
 1037	   -1		   -1		0.000000
 1038	   -1		   -1		0.000000